<?xml version="1.0" encoding="UTF-8"?>
<testsuite name="testPost.PostCreateUserTest" tests="7" skipped="0" failures="0" errors="0" timestamp="2021-09-24T00:52:26" hostname="macbook-2021" time="4.99">
  <properties/>
  <testcase name="userCreateOnlyName" classname="testPost.PostCreateUserTest" time="0.703"/>
  <testcase name="userCreateOnlyJob" classname="testPost.PostCreateUserTest" time="0.614"/>
  <testcase name="testPostUserOnlyJob" classname="testPost.PostCreateUserTest" time="0.935"/>
  <testcase name="userCreateRequest" classname="testPost.PostCreateUserTest" time="0.695"/>
  <testcase name="testPostUserEmpty" classname="testPost.PostCreateUserTest" time="0.787"/>
  <testcase name="testPostUserOnlyName" classname="testPost.PostCreateUserTest" time="0.65"/>
  <testcase name="userCreateEmpty" classname="testPost.PostCreateUserTest" time="0.595"/>
  <system-out><![CDATA[2021-09-23T20:52:26,788 [Test worker] INFO  (BaseTest.java:18) - Inicando configuracion
2021-09-23T20:52:26,789 [Test worker] INFO  (BaseTest.java:23) - Configuracion exitosa
Request method:	POST
Request URI:	https://reqres.in/api/users
Proxy:			<none>
Request params:	<none>
Query params:	<none>
Form params:	<none>
Path params:	<none>
Headers:		Accept=*/*
				Content-Type=application/json
Cookies:		<none>
Multiparts:		<none>
Body:
{
    "name": "morpheus",
    "job": null
}
Request method:	POST
Request URI:	https://reqres.in/api/users
Proxy:			<none>
Request params:	<none>
Query params:	<none>
Form params:	<none>
Path params:	<none>
Headers:		Accept=*/*
				Content-Type=application/json
Cookies:		<none>
Multiparts:		<none>
Body:
{
    "name": "morpheus",
    "job": null
}
Request method:	POST
Request URI:	https://reqres.in/api/users
Proxy:			<none>
Request params:	<none>
Query params:	<none>
Form params:	<none>
Path params:	<none>
Headers:		Accept=*/*
				Content-Type=application/json
Cookies:		<none>
Multiparts:		<none>
Body:
{
    "name": "morpheus",
    "job": null
}
Request method:	POST
Request URI:	https://reqres.in/api/users
Proxy:			<none>
Request params:	<none>
Query params:	<none>
Form params:	<none>
Path params:	<none>
Headers:		Accept=*/*
				Content-Type=application/json
Cookies:		<none>
Multiparts:		<none>
Body:
{
    "name": "morpheus",
    "job": null
}
Request method:	POST
Request URI:	https://reqres.in/api/users
Proxy:			<none>
Request params:	<none>
Query params:	<none>
Form params:	<none>
Path params:	<none>
Headers:		Accept=*/*
				Content-Type=application/json
Cookies:		<none>
Multiparts:		<none>
Body:
{
    "name": "morpheus",
    "job": null
}
Request method:	POST
Request URI:	https://reqres.in/api/users
Proxy:			<none>
Request params:	<none>
Query params:	<none>
Form params:	<none>
Path params:	<none>
Headers:		Accept=*/*
				Content-Type=application/json
Cookies:		<none>
Multiparts:		<none>
Body:
{
    "name": "morpheus",
    "job": null
}
Request method:	POST
Request URI:	https://reqres.in/api/users
Proxy:			<none>
Request params:	<none>
Query params:	<none>
Form params:	<none>
Path params:	<none>
Headers:		Accept=*/*
				Content-Type=application/json
Cookies:		<none>
Multiparts:		<none>
Body:
{
    "name": "morpheus",
    "job": null
}
HTTP/1.1 201 Created
Date: Fri, 24 Sep 2021 00:52:27 GMT
Content-Type: application/json; charset=utf-8
Content-Length: 80
Connection: keep-alive
x-powered-by: Express
access-control-allow-origin: *
etag: W/"50-5NGuAOQpTTdzrgu1hstcDqpKKlE"
via: 1.1 vegur
CF-Cache-Status: DYNAMIC
Expect-CT: max-age=604800, report-uri="https://report-uri.cloudflare.com/cdn-cgi/beacon/expect-ct"
Report-To: {"endpoints":[{"url":"https:\/\/a.nel.cloudflare.com\/report\/v3?s=3OwvFSrY8T6v6wd3Om3J%2FKkKGciR%2BigxA8oWFp5H78tpYQUqO1qZHMU8L5qSUEOXw34wJIRRl4h40H9rF5sZoXn9fbtWCytyrOIF4%2BM1oTLx6p7K3%2BRq9F%2F3FvY%3D"}],"group":"cf-nel","max_age":604800}
NEL: {"success_fraction":0,"report_to":"cf-nel","max_age":604800}
Server: cloudflare
CF-RAY: 693807b60c92e526-ARI
alt-svc: h3=":443"; ma=86400, h3-29=":443"; ma=86400, h3-28=":443"; ma=86400, h3-27=":443"; ma=86400

{
    "name": "morpheus",
    "job": null,
    "id": "839",
    "createdAt": "2021-09-24T00:52:27.529Z"
}
HTTP/1.1 201 Created
Date: Fri, 24 Sep 2021 00:52:27 GMT
Content-Type: application/json; charset=utf-8
Content-Length: 80
Connection: keep-alive
x-powered-by: Express
access-control-allow-origin: *
etag: W/"50-5NGuAOQpTTdzrgu1hstcDqpKKlE"
via: 1.1 vegur
CF-Cache-Status: DYNAMIC
Expect-CT: max-age=604800, report-uri="https://report-uri.cloudflare.com/cdn-cgi/beacon/expect-ct"
Report-To: {"endpoints":[{"url":"https:\/\/a.nel.cloudflare.com\/report\/v3?s=3OwvFSrY8T6v6wd3Om3J%2FKkKGciR%2BigxA8oWFp5H78tpYQUqO1qZHMU8L5qSUEOXw34wJIRRl4h40H9rF5sZoXn9fbtWCytyrOIF4%2BM1oTLx6p7K3%2BRq9F%2F3FvY%3D"}],"group":"cf-nel","max_age":604800}
NEL: {"success_fraction":0,"report_to":"cf-nel","max_age":604800}
Server: cloudflare
CF-RAY: 693807b60c92e526-ARI
alt-svc: h3=":443"; ma=86400, h3-29=":443"; ma=86400, h3-28=":443"; ma=86400, h3-27=":443"; ma=86400

{
    "name": "morpheus",
    "job": null,
    "id": "839",
    "createdAt": "2021-09-24T00:52:27.529Z"
}
HTTP/1.1 201 Created
Date: Fri, 24 Sep 2021 00:52:27 GMT
Content-Type: application/json; charset=utf-8
Content-Length: 80
Connection: keep-alive
x-powered-by: Express
access-control-allow-origin: *
etag: W/"50-5NGuAOQpTTdzrgu1hstcDqpKKlE"
via: 1.1 vegur
CF-Cache-Status: DYNAMIC
Expect-CT: max-age=604800, report-uri="https://report-uri.cloudflare.com/cdn-cgi/beacon/expect-ct"
Report-To: {"endpoints":[{"url":"https:\/\/a.nel.cloudflare.com\/report\/v3?s=3OwvFSrY8T6v6wd3Om3J%2FKkKGciR%2BigxA8oWFp5H78tpYQUqO1qZHMU8L5qSUEOXw34wJIRRl4h40H9rF5sZoXn9fbtWCytyrOIF4%2BM1oTLx6p7K3%2BRq9F%2F3FvY%3D"}],"group":"cf-nel","max_age":604800}
NEL: {"success_fraction":0,"report_to":"cf-nel","max_age":604800}
Server: cloudflare
CF-RAY: 693807b60c92e526-ARI
alt-svc: h3=":443"; ma=86400, h3-29=":443"; ma=86400, h3-28=":443"; ma=86400, h3-27=":443"; ma=86400

{
    "name": "morpheus",
    "job": null,
    "id": "839",
    "createdAt": "2021-09-24T00:52:27.529Z"
}
HTTP/1.1 201 Created
Date: Fri, 24 Sep 2021 00:52:27 GMT
Content-Type: application/json; charset=utf-8
Content-Length: 80
Connection: keep-alive
x-powered-by: Express
access-control-allow-origin: *
etag: W/"50-5NGuAOQpTTdzrgu1hstcDqpKKlE"
via: 1.1 vegur
CF-Cache-Status: DYNAMIC
Expect-CT: max-age=604800, report-uri="https://report-uri.cloudflare.com/cdn-cgi/beacon/expect-ct"
Report-To: {"endpoints":[{"url":"https:\/\/a.nel.cloudflare.com\/report\/v3?s=3OwvFSrY8T6v6wd3Om3J%2FKkKGciR%2BigxA8oWFp5H78tpYQUqO1qZHMU8L5qSUEOXw34wJIRRl4h40H9rF5sZoXn9fbtWCytyrOIF4%2BM1oTLx6p7K3%2BRq9F%2F3FvY%3D"}],"group":"cf-nel","max_age":604800}
NEL: {"success_fraction":0,"report_to":"cf-nel","max_age":604800}
Server: cloudflare
CF-RAY: 693807b60c92e526-ARI
alt-svc: h3=":443"; ma=86400, h3-29=":443"; ma=86400, h3-28=":443"; ma=86400, h3-27=":443"; ma=86400

{
    "name": "morpheus",
    "job": null,
    "id": "839",
    "createdAt": "2021-09-24T00:52:27.529Z"
}
HTTP/1.1 201 Created
Date: Fri, 24 Sep 2021 00:52:27 GMT
Content-Type: application/json; charset=utf-8
Content-Length: 80
Connection: keep-alive
x-powered-by: Express
access-control-allow-origin: *
etag: W/"50-5NGuAOQpTTdzrgu1hstcDqpKKlE"
via: 1.1 vegur
CF-Cache-Status: DYNAMIC
Expect-CT: max-age=604800, report-uri="https://report-uri.cloudflare.com/cdn-cgi/beacon/expect-ct"
Report-To: {"endpoints":[{"url":"https:\/\/a.nel.cloudflare.com\/report\/v3?s=3OwvFSrY8T6v6wd3Om3J%2FKkKGciR%2BigxA8oWFp5H78tpYQUqO1qZHMU8L5qSUEOXw34wJIRRl4h40H9rF5sZoXn9fbtWCytyrOIF4%2BM1oTLx6p7K3%2BRq9F%2F3FvY%3D"}],"group":"cf-nel","max_age":604800}
NEL: {"success_fraction":0,"report_to":"cf-nel","max_age":604800}
Server: cloudflare
CF-RAY: 693807b60c92e526-ARI
alt-svc: h3=":443"; ma=86400, h3-29=":443"; ma=86400, h3-28=":443"; ma=86400, h3-27=":443"; ma=86400

{
    "name": "morpheus",
    "job": null,
    "id": "839",
    "createdAt": "2021-09-24T00:52:27.529Z"
}
HTTP/1.1 201 Created
Date: Fri, 24 Sep 2021 00:52:27 GMT
Content-Type: application/json; charset=utf-8
Content-Length: 80
Connection: keep-alive
x-powered-by: Express
access-control-allow-origin: *
etag: W/"50-5NGuAOQpTTdzrgu1hstcDqpKKlE"
via: 1.1 vegur
CF-Cache-Status: DYNAMIC
Expect-CT: max-age=604800, report-uri="https://report-uri.cloudflare.com/cdn-cgi/beacon/expect-ct"
Report-To: {"endpoints":[{"url":"https:\/\/a.nel.cloudflare.com\/report\/v3?s=3OwvFSrY8T6v6wd3Om3J%2FKkKGciR%2BigxA8oWFp5H78tpYQUqO1qZHMU8L5qSUEOXw34wJIRRl4h40H9rF5sZoXn9fbtWCytyrOIF4%2BM1oTLx6p7K3%2BRq9F%2F3FvY%3D"}],"group":"cf-nel","max_age":604800}
NEL: {"success_fraction":0,"report_to":"cf-nel","max_age":604800}
Server: cloudflare
CF-RAY: 693807b60c92e526-ARI
alt-svc: h3=":443"; ma=86400, h3-29=":443"; ma=86400, h3-28=":443"; ma=86400, h3-27=":443"; ma=86400

{
    "name": "morpheus",
    "job": null,
    "id": "839",
    "createdAt": "2021-09-24T00:52:27.529Z"
}
HTTP/1.1 201 Created
Date: Fri, 24 Sep 2021 00:52:27 GMT
Content-Type: application/json; charset=utf-8
Content-Length: 80
Connection: keep-alive
x-powered-by: Express
access-control-allow-origin: *
etag: W/"50-5NGuAOQpTTdzrgu1hstcDqpKKlE"
via: 1.1 vegur
CF-Cache-Status: DYNAMIC
Expect-CT: max-age=604800, report-uri="https://report-uri.cloudflare.com/cdn-cgi/beacon/expect-ct"
Report-To: {"endpoints":[{"url":"https:\/\/a.nel.cloudflare.com\/report\/v3?s=3OwvFSrY8T6v6wd3Om3J%2FKkKGciR%2BigxA8oWFp5H78tpYQUqO1qZHMU8L5qSUEOXw34wJIRRl4h40H9rF5sZoXn9fbtWCytyrOIF4%2BM1oTLx6p7K3%2BRq9F%2F3FvY%3D"}],"group":"cf-nel","max_age":604800}
NEL: {"success_fraction":0,"report_to":"cf-nel","max_age":604800}
Server: cloudflare
CF-RAY: 693807b60c92e526-ARI
alt-svc: h3=":443"; ma=86400, h3-29=":443"; ma=86400, h3-28=":443"; ma=86400, h3-27=":443"; ma=86400

{
    "name": "morpheus",
    "job": null,
    "id": "839",
    "createdAt": "2021-09-24T00:52:27.529Z"
}
Request method:	POST
Request URI:	https://reqres.in/api/users
Proxy:			<none>
Request params:	<none>
Query params:	<none>
Form params:	<none>
Path params:	<none>
Headers:		Accept=*/*
				Content-Type=application/json
Cookies:		<none>
Multiparts:		<none>
Body:
{
    "name": null,
    "job": "trainer of QA API Automation"
}
Request method:	POST
Request URI:	https://reqres.in/api/users
Proxy:			<none>
Request params:	<none>
Query params:	<none>
Form params:	<none>
Path params:	<none>
Headers:		Accept=*/*
				Content-Type=application/json
Cookies:		<none>
Multiparts:		<none>
Body:
{
    "name": null,
    "job": "trainer of QA API Automation"
}
Request method:	POST
Request URI:	https://reqres.in/api/users
Proxy:			<none>
Request params:	<none>
Query params:	<none>
Form params:	<none>
Path params:	<none>
Headers:		Accept=*/*
				Content-Type=application/json
Cookies:		<none>
Multiparts:		<none>
Body:
{
    "name": null,
    "job": "trainer of QA API Automation"
}
Request method:	POST
Request URI:	https://reqres.in/api/users
Proxy:			<none>
Request params:	<none>
Query params:	<none>
Form params:	<none>
Path params:	<none>
Headers:		Accept=*/*
				Content-Type=application/json
Cookies:		<none>
Multiparts:		<none>
Body:
{
    "name": null,
    "job": "trainer of QA API Automation"
}
Request method:	POST
Request URI:	https://reqres.in/api/users
Proxy:			<none>
Request params:	<none>
Query params:	<none>
Form params:	<none>
Path params:	<none>
Headers:		Accept=*/*
				Content-Type=application/json
Cookies:		<none>
Multiparts:		<none>
Body:
{
    "name": null,
    "job": "trainer of QA API Automation"
}
Request method:	POST
Request URI:	https://reqres.in/api/users
Proxy:			<none>
Request params:	<none>
Query params:	<none>
Form params:	<none>
Path params:	<none>
Headers:		Accept=*/*
				Content-Type=application/json
Cookies:		<none>
Multiparts:		<none>
Body:
{
    "name": null,
    "job": "trainer of QA API Automation"
}
Request method:	POST
Request URI:	https://reqres.in/api/users
Proxy:			<none>
Request params:	<none>
Query params:	<none>
Form params:	<none>
Path params:	<none>
Headers:		Accept=*/*
				Content-Type=application/json
Cookies:		<none>
Multiparts:		<none>
Body:
{
    "name": null,
    "job": "trainer of QA API Automation"
}
HTTP/1.1 201 Created
Date: Fri, 24 Sep 2021 00:52:28 GMT
Content-Type: application/json; charset=utf-8
Content-Length: 100
Connection: keep-alive
x-powered-by: Express
access-control-allow-origin: *
etag: W/"64-Hs68qtNiqGNe2wMv07M1bCU7wts"
via: 1.1 vegur
CF-Cache-Status: DYNAMIC
Expect-CT: max-age=604800, report-uri="https://report-uri.cloudflare.com/cdn-cgi/beacon/expect-ct"
Report-To: {"endpoints":[{"url":"https:\/\/a.nel.cloudflare.com\/report\/v3?s=KwOqLhjCW4MLgIFdCXGJsT3%2Bca6ehqdbx%2FFyTZctqVXKtM7lk5Z3SjYheFUaF6nAxtYEkDKQsRCMrCYAGqs37n72hLDGXjGEseJky8vPoVvPbw0RoKgFzc7nVuk%3D"}],"group":"cf-nel","max_age":604800}
NEL: {"success_fraction":0,"report_to":"cf-nel","max_age":604800}
Server: cloudflare
CF-RAY: 693807ba6c68e526-ARI
alt-svc: h3=":443"; ma=86400, h3-29=":443"; ma=86400, h3-28=":443"; ma=86400, h3-27=":443"; ma=86400

{
    "name": null,
    "job": "trainer of QA API Automation",
    "id": "485",
    "createdAt": "2021-09-24T00:52:28.215Z"
}
HTTP/1.1 201 Created
Date: Fri, 24 Sep 2021 00:52:28 GMT
Content-Type: application/json; charset=utf-8
Content-Length: 100
Connection: keep-alive
x-powered-by: Express
access-control-allow-origin: *
etag: W/"64-Hs68qtNiqGNe2wMv07M1bCU7wts"
via: 1.1 vegur
CF-Cache-Status: DYNAMIC
Expect-CT: max-age=604800, report-uri="https://report-uri.cloudflare.com/cdn-cgi/beacon/expect-ct"
Report-To: {"endpoints":[{"url":"https:\/\/a.nel.cloudflare.com\/report\/v3?s=KwOqLhjCW4MLgIFdCXGJsT3%2Bca6ehqdbx%2FFyTZctqVXKtM7lk5Z3SjYheFUaF6nAxtYEkDKQsRCMrCYAGqs37n72hLDGXjGEseJky8vPoVvPbw0RoKgFzc7nVuk%3D"}],"group":"cf-nel","max_age":604800}
NEL: {"success_fraction":0,"report_to":"cf-nel","max_age":604800}
Server: cloudflare
CF-RAY: 693807ba6c68e526-ARI
alt-svc: h3=":443"; ma=86400, h3-29=":443"; ma=86400, h3-28=":443"; ma=86400, h3-27=":443"; ma=86400

{
    "name": null,
    "job": "trainer of QA API Automation",
    "id": "485",
    "createdAt": "2021-09-24T00:52:28.215Z"
}
HTTP/1.1 201 Created
Date: Fri, 24 Sep 2021 00:52:28 GMT
Content-Type: application/json; charset=utf-8
Content-Length: 100
Connection: keep-alive
x-powered-by: Express
access-control-allow-origin: *
etag: W/"64-Hs68qtNiqGNe2wMv07M1bCU7wts"
via: 1.1 vegur
CF-Cache-Status: DYNAMIC
Expect-CT: max-age=604800, report-uri="https://report-uri.cloudflare.com/cdn-cgi/beacon/expect-ct"
Report-To: {"endpoints":[{"url":"https:\/\/a.nel.cloudflare.com\/report\/v3?s=KwOqLhjCW4MLgIFdCXGJsT3%2Bca6ehqdbx%2FFyTZctqVXKtM7lk5Z3SjYheFUaF6nAxtYEkDKQsRCMrCYAGqs37n72hLDGXjGEseJky8vPoVvPbw0RoKgFzc7nVuk%3D"}],"group":"cf-nel","max_age":604800}
NEL: {"success_fraction":0,"report_to":"cf-nel","max_age":604800}
Server: cloudflare
CF-RAY: 693807ba6c68e526-ARI
alt-svc: h3=":443"; ma=86400, h3-29=":443"; ma=86400, h3-28=":443"; ma=86400, h3-27=":443"; ma=86400

{
    "name": null,
    "job": "trainer of QA API Automation",
    "id": "485",
    "createdAt": "2021-09-24T00:52:28.215Z"
}
HTTP/1.1 201 Created
Date: Fri, 24 Sep 2021 00:52:28 GMT
Content-Type: application/json; charset=utf-8
Content-Length: 100
Connection: keep-alive
x-powered-by: Express
access-control-allow-origin: *
etag: W/"64-Hs68qtNiqGNe2wMv07M1bCU7wts"
via: 1.1 vegur
CF-Cache-Status: DYNAMIC
Expect-CT: max-age=604800, report-uri="https://report-uri.cloudflare.com/cdn-cgi/beacon/expect-ct"
Report-To: {"endpoints":[{"url":"https:\/\/a.nel.cloudflare.com\/report\/v3?s=KwOqLhjCW4MLgIFdCXGJsT3%2Bca6ehqdbx%2FFyTZctqVXKtM7lk5Z3SjYheFUaF6nAxtYEkDKQsRCMrCYAGqs37n72hLDGXjGEseJky8vPoVvPbw0RoKgFzc7nVuk%3D"}],"group":"cf-nel","max_age":604800}
NEL: {"success_fraction":0,"report_to":"cf-nel","max_age":604800}
Server: cloudflare
CF-RAY: 693807ba6c68e526-ARI
alt-svc: h3=":443"; ma=86400, h3-29=":443"; ma=86400, h3-28=":443"; ma=86400, h3-27=":443"; ma=86400

{
    "name": null,
    "job": "trainer of QA API Automation",
    "id": "485",
    "createdAt": "2021-09-24T00:52:28.215Z"
}
HTTP/1.1 201 Created
Date: Fri, 24 Sep 2021 00:52:28 GMT
Content-Type: application/json; charset=utf-8
Content-Length: 100
Connection: keep-alive
x-powered-by: Express
access-control-allow-origin: *
etag: W/"64-Hs68qtNiqGNe2wMv07M1bCU7wts"
via: 1.1 vegur
CF-Cache-Status: DYNAMIC
Expect-CT: max-age=604800, report-uri="https://report-uri.cloudflare.com/cdn-cgi/beacon/expect-ct"
Report-To: {"endpoints":[{"url":"https:\/\/a.nel.cloudflare.com\/report\/v3?s=KwOqLhjCW4MLgIFdCXGJsT3%2Bca6ehqdbx%2FFyTZctqVXKtM7lk5Z3SjYheFUaF6nAxtYEkDKQsRCMrCYAGqs37n72hLDGXjGEseJky8vPoVvPbw0RoKgFzc7nVuk%3D"}],"group":"cf-nel","max_age":604800}
NEL: {"success_fraction":0,"report_to":"cf-nel","max_age":604800}
Server: cloudflare
CF-RAY: 693807ba6c68e526-ARI
alt-svc: h3=":443"; ma=86400, h3-29=":443"; ma=86400, h3-28=":443"; ma=86400, h3-27=":443"; ma=86400

{
    "name": null,
    "job": "trainer of QA API Automation",
    "id": "485",
    "createdAt": "2021-09-24T00:52:28.215Z"
}
HTTP/1.1 201 Created
Date: Fri, 24 Sep 2021 00:52:28 GMT
Content-Type: application/json; charset=utf-8
Content-Length: 100
Connection: keep-alive
x-powered-by: Express
access-control-allow-origin: *
etag: W/"64-Hs68qtNiqGNe2wMv07M1bCU7wts"
via: 1.1 vegur
CF-Cache-Status: DYNAMIC
Expect-CT: max-age=604800, report-uri="https://report-uri.cloudflare.com/cdn-cgi/beacon/expect-ct"
Report-To: {"endpoints":[{"url":"https:\/\/a.nel.cloudflare.com\/report\/v3?s=KwOqLhjCW4MLgIFdCXGJsT3%2Bca6ehqdbx%2FFyTZctqVXKtM7lk5Z3SjYheFUaF6nAxtYEkDKQsRCMrCYAGqs37n72hLDGXjGEseJky8vPoVvPbw0RoKgFzc7nVuk%3D"}],"group":"cf-nel","max_age":604800}
NEL: {"success_fraction":0,"report_to":"cf-nel","max_age":604800}
Server: cloudflare
CF-RAY: 693807ba6c68e526-ARI
alt-svc: h3=":443"; ma=86400, h3-29=":443"; ma=86400, h3-28=":443"; ma=86400, h3-27=":443"; ma=86400

{
    "name": null,
    "job": "trainer of QA API Automation",
    "id": "485",
    "createdAt": "2021-09-24T00:52:28.215Z"
}
HTTP/1.1 201 Created
Date: Fri, 24 Sep 2021 00:52:28 GMT
Content-Type: application/json; charset=utf-8
Content-Length: 100
Connection: keep-alive
x-powered-by: Express
access-control-allow-origin: *
etag: W/"64-Hs68qtNiqGNe2wMv07M1bCU7wts"
via: 1.1 vegur
CF-Cache-Status: DYNAMIC
Expect-CT: max-age=604800, report-uri="https://report-uri.cloudflare.com/cdn-cgi/beacon/expect-ct"
Report-To: {"endpoints":[{"url":"https:\/\/a.nel.cloudflare.com\/report\/v3?s=KwOqLhjCW4MLgIFdCXGJsT3%2Bca6ehqdbx%2FFyTZctqVXKtM7lk5Z3SjYheFUaF6nAxtYEkDKQsRCMrCYAGqs37n72hLDGXjGEseJky8vPoVvPbw0RoKgFzc7nVuk%3D"}],"group":"cf-nel","max_age":604800}
NEL: {"success_fraction":0,"report_to":"cf-nel","max_age":604800}
Server: cloudflare
CF-RAY: 693807ba6c68e526-ARI
alt-svc: h3=":443"; ma=86400, h3-29=":443"; ma=86400, h3-28=":443"; ma=86400, h3-27=":443"; ma=86400

{
    "name": null,
    "job": "trainer of QA API Automation",
    "id": "485",
    "createdAt": "2021-09-24T00:52:28.215Z"
}
Request method:	POST
Request URI:	https://reqres.in/api/users
Proxy:			<none>
Request params:	<none>
Query params:	<none>
Form params:	<none>
Path params:	<none>
Headers:		Accept=*/*
				Content-Type=application/json
Cookies:		<none>
Multiparts:		<none>
Body:
{job=Costumer Success}
Request method:	POST
Request URI:	https://reqres.in/api/users
Proxy:			<none>
Request params:	<none>
Query params:	<none>
Form params:	<none>
Path params:	<none>
Headers:		Accept=*/*
				Content-Type=application/json
Cookies:		<none>
Multiparts:		<none>
Body:
{job=Costumer Success}
Request method:	POST
Request URI:	https://reqres.in/api/users
Proxy:			<none>
Request params:	<none>
Query params:	<none>
Form params:	<none>
Path params:	<none>
Headers:		Accept=*/*
				Content-Type=application/json
Cookies:		<none>
Multiparts:		<none>
Body:
{job=Costumer Success}
Request method:	POST
Request URI:	https://reqres.in/api/users
Proxy:			<none>
Request params:	<none>
Query params:	<none>
Form params:	<none>
Path params:	<none>
Headers:		Accept=*/*
				Content-Type=application/json
Cookies:		<none>
Multiparts:		<none>
Body:
{job=Costumer Success}
Request method:	POST
Request URI:	https://reqres.in/api/users
Proxy:			<none>
Request params:	<none>
Query params:	<none>
Form params:	<none>
Path params:	<none>
Headers:		Accept=*/*
				Content-Type=application/json
Cookies:		<none>
Multiparts:		<none>
Body:
{job=Costumer Success}
Request method:	POST
Request URI:	https://reqres.in/api/users
Proxy:			<none>
Request params:	<none>
Query params:	<none>
Form params:	<none>
Path params:	<none>
Headers:		Accept=*/*
				Content-Type=application/json
Cookies:		<none>
Multiparts:		<none>
Body:
{job=Costumer Success}
Request method:	POST
Request URI:	https://reqres.in/api/users
Proxy:			<none>
Request params:	<none>
Query params:	<none>
Form params:	<none>
Path params:	<none>
Headers:		Accept=*/*
				Content-Type=application/json
Cookies:		<none>
Multiparts:		<none>
Body:
{job=Costumer Success}
Request method:	POST
Request URI:	https://reqres.in/api/users
Proxy:			<none>
Request params:	<none>
Query params:	<none>
Form params:	<none>
Path params:	<none>
Headers:		Accept=*/*
				Content-Type=application/json
Cookies:		<none>
Multiparts:		<none>
Body:
{job=Costumer Success}
HTTP/1.1 400 Bad Request
Date: Fri, 24 Sep 2021 00:52:28 GMT
Content-Type: text/html; charset=utf-8
Transfer-Encoding: chunked
Connection: keep-alive
x-powered-by: Express
content-security-policy: default-src 'none'
x-content-type-options: nosniff
via: 1.1 vegur
CF-Cache-Status: DYNAMIC
Expect-CT: max-age=604800, report-uri="https://report-uri.cloudflare.com/cdn-cgi/beacon/expect-ct"
Report-To: {"endpoints":[{"url":"https:\/\/a.nel.cloudflare.com\/report\/v3?s=XF%2B07S0c69NT8ZFZ9MB2tDxxKteE1SCS5EKSgGy3LFDMvLVoK0Q9Lysbn1Z8kyhVnpW3BaK8T2%2BqXTGP%2BJDwVTpCJXo3Vfjm5%2BrAejUezEU4CrwaiIgws4zVRQg%3D"}],"group":"cf-nel","max_age":604800}
NEL: {"success_fraction":0,"report_to":"cf-nel","max_age":604800}
Server: cloudflare
CF-RAY: 693807be4c4ae52a-ARI
alt-svc: h3=":443"; ma=86400, h3-29=":443"; ma=86400, h3-28=":443"; ma=86400, h3-27=":443"; ma=86400

<html lang="en">
  <head>
    <meta charset="utf-8"/>
    <title>Error</title>
  </head>
  <body>
    <pre>Bad Request</pre>
  </body>
</html>
HTTP/1.1 400 Bad Request
Date: Fri, 24 Sep 2021 00:52:28 GMT
Content-Type: text/html; charset=utf-8
Transfer-Encoding: chunked
Connection: keep-alive
x-powered-by: Express
content-security-policy: default-src 'none'
x-content-type-options: nosniff
via: 1.1 vegur
CF-Cache-Status: DYNAMIC
Expect-CT: max-age=604800, report-uri="https://report-uri.cloudflare.com/cdn-cgi/beacon/expect-ct"
Report-To: {"endpoints":[{"url":"https:\/\/a.nel.cloudflare.com\/report\/v3?s=XF%2B07S0c69NT8ZFZ9MB2tDxxKteE1SCS5EKSgGy3LFDMvLVoK0Q9Lysbn1Z8kyhVnpW3BaK8T2%2BqXTGP%2BJDwVTpCJXo3Vfjm5%2BrAejUezEU4CrwaiIgws4zVRQg%3D"}],"group":"cf-nel","max_age":604800}
NEL: {"success_fraction":0,"report_to":"cf-nel","max_age":604800}
Server: cloudflare
CF-RAY: 693807be4c4ae52a-ARI
alt-svc: h3=":443"; ma=86400, h3-29=":443"; ma=86400, h3-28=":443"; ma=86400, h3-27=":443"; ma=86400

<html lang="en">
  <head>
    <meta charset="utf-8"/>
    <title>Error</title>
  </head>
  <body>
    <pre>Bad Request</pre>
  </body>
</html>
HTTP/1.1 400 Bad Request
Date: Fri, 24 Sep 2021 00:52:28 GMT
Content-Type: text/html; charset=utf-8
Transfer-Encoding: chunked
Connection: keep-alive
x-powered-by: Express
content-security-policy: default-src 'none'
x-content-type-options: nosniff
via: 1.1 vegur
CF-Cache-Status: DYNAMIC
Expect-CT: max-age=604800, report-uri="https://report-uri.cloudflare.com/cdn-cgi/beacon/expect-ct"
Report-To: {"endpoints":[{"url":"https:\/\/a.nel.cloudflare.com\/report\/v3?s=XF%2B07S0c69NT8ZFZ9MB2tDxxKteE1SCS5EKSgGy3LFDMvLVoK0Q9Lysbn1Z8kyhVnpW3BaK8T2%2BqXTGP%2BJDwVTpCJXo3Vfjm5%2BrAejUezEU4CrwaiIgws4zVRQg%3D"}],"group":"cf-nel","max_age":604800}
NEL: {"success_fraction":0,"report_to":"cf-nel","max_age":604800}
Server: cloudflare
CF-RAY: 693807be4c4ae52a-ARI
alt-svc: h3=":443"; ma=86400, h3-29=":443"; ma=86400, h3-28=":443"; ma=86400, h3-27=":443"; ma=86400

<html lang="en">
  <head>
    <meta charset="utf-8"/>
    <title>Error</title>
  </head>
  <body>
    <pre>Bad Request</pre>
  </body>
</html>
HTTP/1.1 400 Bad Request
Date: Fri, 24 Sep 2021 00:52:28 GMT
Content-Type: text/html; charset=utf-8
Transfer-Encoding: chunked
Connection: keep-alive
x-powered-by: Express
content-security-policy: default-src 'none'
x-content-type-options: nosniff
via: 1.1 vegur
CF-Cache-Status: DYNAMIC
Expect-CT: max-age=604800, report-uri="https://report-uri.cloudflare.com/cdn-cgi/beacon/expect-ct"
Report-To: {"endpoints":[{"url":"https:\/\/a.nel.cloudflare.com\/report\/v3?s=XF%2B07S0c69NT8ZFZ9MB2tDxxKteE1SCS5EKSgGy3LFDMvLVoK0Q9Lysbn1Z8kyhVnpW3BaK8T2%2BqXTGP%2BJDwVTpCJXo3Vfjm5%2BrAejUezEU4CrwaiIgws4zVRQg%3D"}],"group":"cf-nel","max_age":604800}
NEL: {"success_fraction":0,"report_to":"cf-nel","max_age":604800}
Server: cloudflare
CF-RAY: 693807be4c4ae52a-ARI
alt-svc: h3=":443"; ma=86400, h3-29=":443"; ma=86400, h3-28=":443"; ma=86400, h3-27=":443"; ma=86400

<html lang="en">
  <head>
    <meta charset="utf-8"/>
    <title>Error</title>
  </head>
  <body>
    <pre>Bad Request</pre>
  </body>
</html>
HTTP/1.1 400 Bad Request
Date: Fri, 24 Sep 2021 00:52:28 GMT
Content-Type: text/html; charset=utf-8
Transfer-Encoding: chunked
Connection: keep-alive
x-powered-by: Express
content-security-policy: default-src 'none'
x-content-type-options: nosniff
via: 1.1 vegur
CF-Cache-Status: DYNAMIC
Expect-CT: max-age=604800, report-uri="https://report-uri.cloudflare.com/cdn-cgi/beacon/expect-ct"
Report-To: {"endpoints":[{"url":"https:\/\/a.nel.cloudflare.com\/report\/v3?s=XF%2B07S0c69NT8ZFZ9MB2tDxxKteE1SCS5EKSgGy3LFDMvLVoK0Q9Lysbn1Z8kyhVnpW3BaK8T2%2BqXTGP%2BJDwVTpCJXo3Vfjm5%2BrAejUezEU4CrwaiIgws4zVRQg%3D"}],"group":"cf-nel","max_age":604800}
NEL: {"success_fraction":0,"report_to":"cf-nel","max_age":604800}
Server: cloudflare
CF-RAY: 693807be4c4ae52a-ARI
alt-svc: h3=":443"; ma=86400, h3-29=":443"; ma=86400, h3-28=":443"; ma=86400, h3-27=":443"; ma=86400

<html lang="en">
  <head>
    <meta charset="utf-8"/>
    <title>Error</title>
  </head>
  <body>
    <pre>Bad Request</pre>
  </body>
</html>
HTTP/1.1 400 Bad Request
Date: Fri, 24 Sep 2021 00:52:28 GMT
Content-Type: text/html; charset=utf-8
Transfer-Encoding: chunked
Connection: keep-alive
x-powered-by: Express
content-security-policy: default-src 'none'
x-content-type-options: nosniff
via: 1.1 vegur
CF-Cache-Status: DYNAMIC
Expect-CT: max-age=604800, report-uri="https://report-uri.cloudflare.com/cdn-cgi/beacon/expect-ct"
Report-To: {"endpoints":[{"url":"https:\/\/a.nel.cloudflare.com\/report\/v3?s=XF%2B07S0c69NT8ZFZ9MB2tDxxKteE1SCS5EKSgGy3LFDMvLVoK0Q9Lysbn1Z8kyhVnpW3BaK8T2%2BqXTGP%2BJDwVTpCJXo3Vfjm5%2BrAejUezEU4CrwaiIgws4zVRQg%3D"}],"group":"cf-nel","max_age":604800}
NEL: {"success_fraction":0,"report_to":"cf-nel","max_age":604800}
Server: cloudflare
CF-RAY: 693807be4c4ae52a-ARI
alt-svc: h3=":443"; ma=86400, h3-29=":443"; ma=86400, h3-28=":443"; ma=86400, h3-27=":443"; ma=86400

<html lang="en">
  <head>
    <meta charset="utf-8"/>
    <title>Error</title>
  </head>
  <body>
    <pre>Bad Request</pre>
  </body>
</html>
HTTP/1.1 400 Bad Request
Date: Fri, 24 Sep 2021 00:52:28 GMT
Content-Type: text/html; charset=utf-8
Transfer-Encoding: chunked
Connection: keep-alive
x-powered-by: Express
content-security-policy: default-src 'none'
x-content-type-options: nosniff
via: 1.1 vegur
CF-Cache-Status: DYNAMIC
Expect-CT: max-age=604800, report-uri="https://report-uri.cloudflare.com/cdn-cgi/beacon/expect-ct"
Report-To: {"endpoints":[{"url":"https:\/\/a.nel.cloudflare.com\/report\/v3?s=XF%2B07S0c69NT8ZFZ9MB2tDxxKteE1SCS5EKSgGy3LFDMvLVoK0Q9Lysbn1Z8kyhVnpW3BaK8T2%2BqXTGP%2BJDwVTpCJXo3Vfjm5%2BrAejUezEU4CrwaiIgws4zVRQg%3D"}],"group":"cf-nel","max_age":604800}
NEL: {"success_fraction":0,"report_to":"cf-nel","max_age":604800}
Server: cloudflare
CF-RAY: 693807be4c4ae52a-ARI
alt-svc: h3=":443"; ma=86400, h3-29=":443"; ma=86400, h3-28=":443"; ma=86400, h3-27=":443"; ma=86400

<html lang="en">
  <head>
    <meta charset="utf-8"/>
    <title>Error</title>
  </head>
  <body>
    <pre>Bad Request</pre>
  </body>
</html>
HTTP/1.1 400 Bad Request
Date: Fri, 24 Sep 2021 00:52:28 GMT
Content-Type: text/html; charset=utf-8
Transfer-Encoding: chunked
Connection: keep-alive
x-powered-by: Express
content-security-policy: default-src 'none'
x-content-type-options: nosniff
via: 1.1 vegur
CF-Cache-Status: DYNAMIC
Expect-CT: max-age=604800, report-uri="https://report-uri.cloudflare.com/cdn-cgi/beacon/expect-ct"
Report-To: {"endpoints":[{"url":"https:\/\/a.nel.cloudflare.com\/report\/v3?s=XF%2B07S0c69NT8ZFZ9MB2tDxxKteE1SCS5EKSgGy3LFDMvLVoK0Q9Lysbn1Z8kyhVnpW3BaK8T2%2BqXTGP%2BJDwVTpCJXo3Vfjm5%2BrAejUezEU4CrwaiIgws4zVRQg%3D"}],"group":"cf-nel","max_age":604800}
NEL: {"success_fraction":0,"report_to":"cf-nel","max_age":604800}
Server: cloudflare
CF-RAY: 693807be4c4ae52a-ARI
alt-svc: h3=":443"; ma=86400, h3-29=":443"; ma=86400, h3-28=":443"; ma=86400, h3-27=":443"; ma=86400

<html lang="en">
  <head>
    <meta charset="utf-8"/>
    <title>Error</title>
  </head>
  <body>
    <pre>Bad Request</pre>
  </body>
</html>
Request method:	POST
Request URI:	https://reqres.in/api/users
Proxy:			<none>
Request params:	<none>
Query params:	<none>
Form params:	<none>
Path params:	<none>
Headers:		Accept=*/*
				Content-Type=application/json
Cookies:		<none>
Multiparts:		<none>
Body:
{
    "name": "morpheus",
    "job": "leader"
}
Request method:	POST
Request URI:	https://reqres.in/api/users
Proxy:			<none>
Request params:	<none>
Query params:	<none>
Form params:	<none>
Path params:	<none>
Headers:		Accept=*/*
				Content-Type=application/json
Cookies:		<none>
Multiparts:		<none>
Body:
{
    "name": "morpheus",
    "job": "leader"
}
Request method:	POST
Request URI:	https://reqres.in/api/users
Proxy:			<none>
Request params:	<none>
Query params:	<none>
Form params:	<none>
Path params:	<none>
Headers:		Accept=*/*
				Content-Type=application/json
Cookies:		<none>
Multiparts:		<none>
Body:
{
    "name": "morpheus",
    "job": "leader"
}
Request method:	POST
Request URI:	https://reqres.in/api/users
Proxy:			<none>
Request params:	<none>
Query params:	<none>
Form params:	<none>
Path params:	<none>
Headers:		Accept=*/*
				Content-Type=application/json
Cookies:		<none>
Multiparts:		<none>
Body:
{
    "name": "morpheus",
    "job": "leader"
}
Request method:	POST
Request URI:	https://reqres.in/api/users
Proxy:			<none>
Request params:	<none>
Query params:	<none>
Form params:	<none>
Path params:	<none>
Headers:		Accept=*/*
				Content-Type=application/json
Cookies:		<none>
Multiparts:		<none>
Body:
{
    "name": "morpheus",
    "job": "leader"
}
Request method:	POST
Request URI:	https://reqres.in/api/users
Proxy:			<none>
Request params:	<none>
Query params:	<none>
Form params:	<none>
Path params:	<none>
Headers:		Accept=*/*
				Content-Type=application/json
Cookies:		<none>
Multiparts:		<none>
Body:
{
    "name": "morpheus",
    "job": "leader"
}
Request method:	POST
Request URI:	https://reqres.in/api/users
Proxy:			<none>
Request params:	<none>
Query params:	<none>
Form params:	<none>
Path params:	<none>
Headers:		Accept=*/*
				Content-Type=application/json
Cookies:		<none>
Multiparts:		<none>
Body:
{
    "name": "morpheus",
    "job": "leader"
}
HTTP/1.1 201 Created
Date: Fri, 24 Sep 2021 00:52:29 GMT
Content-Type: application/json; charset=utf-8
Content-Length: 84
Connection: keep-alive
x-powered-by: Express
access-control-allow-origin: *
etag: W/"54-kUYx9mfR0GyGuGkBhWEmmiP/cy8"
via: 1.1 vegur
CF-Cache-Status: DYNAMIC
Expect-CT: max-age=604800, report-uri="https://report-uri.cloudflare.com/cdn-cgi/beacon/expect-ct"
Report-To: {"endpoints":[{"url":"https:\/\/a.nel.cloudflare.com\/report\/v3?s=izB7DK16tyT%2F%2Flo7%2B8CjcrW1EQjl%2FXECzZe%2B%2F5ubuQYX3lfdGVgLAigp5MiFMYOp72lHF1bh2wlOUx3aboYKXSWaXG%2BWfwrhqwV66HrrciQ2ItTpb8t0gGHVUHc%3D"}],"group":"cf-nel","max_age":604800}
NEL: {"success_fraction":0,"report_to":"cf-nel","max_age":604800}
Server: cloudflare
CF-RAY: 693807c41c0ee532-ARI
alt-svc: h3=":443"; ma=86400, h3-29=":443"; ma=86400, h3-28=":443"; ma=86400, h3-27=":443"; ma=86400

{
    "name": "morpheus",
    "job": "leader",
    "id": "157",
    "createdAt": "2021-09-24T00:52:29.802Z"
}
HTTP/1.1 201 Created
Date: Fri, 24 Sep 2021 00:52:29 GMT
Content-Type: application/json; charset=utf-8
Content-Length: 84
Connection: keep-alive
x-powered-by: Express
access-control-allow-origin: *
etag: W/"54-kUYx9mfR0GyGuGkBhWEmmiP/cy8"
via: 1.1 vegur
CF-Cache-Status: DYNAMIC
Expect-CT: max-age=604800, report-uri="https://report-uri.cloudflare.com/cdn-cgi/beacon/expect-ct"
Report-To: {"endpoints":[{"url":"https:\/\/a.nel.cloudflare.com\/report\/v3?s=izB7DK16tyT%2F%2Flo7%2B8CjcrW1EQjl%2FXECzZe%2B%2F5ubuQYX3lfdGVgLAigp5MiFMYOp72lHF1bh2wlOUx3aboYKXSWaXG%2BWfwrhqwV66HrrciQ2ItTpb8t0gGHVUHc%3D"}],"group":"cf-nel","max_age":604800}
NEL: {"success_fraction":0,"report_to":"cf-nel","max_age":604800}
Server: cloudflare
CF-RAY: 693807c41c0ee532-ARI
alt-svc: h3=":443"; ma=86400, h3-29=":443"; ma=86400, h3-28=":443"; ma=86400, h3-27=":443"; ma=86400

{
    "name": "morpheus",
    "job": "leader",
    "id": "157",
    "createdAt": "2021-09-24T00:52:29.802Z"
}
HTTP/1.1 201 Created
Date: Fri, 24 Sep 2021 00:52:29 GMT
Content-Type: application/json; charset=utf-8
Content-Length: 84
Connection: keep-alive
x-powered-by: Express
access-control-allow-origin: *
etag: W/"54-kUYx9mfR0GyGuGkBhWEmmiP/cy8"
via: 1.1 vegur
CF-Cache-Status: DYNAMIC
Expect-CT: max-age=604800, report-uri="https://report-uri.cloudflare.com/cdn-cgi/beacon/expect-ct"
Report-To: {"endpoints":[{"url":"https:\/\/a.nel.cloudflare.com\/report\/v3?s=izB7DK16tyT%2F%2Flo7%2B8CjcrW1EQjl%2FXECzZe%2B%2F5ubuQYX3lfdGVgLAigp5MiFMYOp72lHF1bh2wlOUx3aboYKXSWaXG%2BWfwrhqwV66HrrciQ2ItTpb8t0gGHVUHc%3D"}],"group":"cf-nel","max_age":604800}
NEL: {"success_fraction":0,"report_to":"cf-nel","max_age":604800}
Server: cloudflare
CF-RAY: 693807c41c0ee532-ARI
alt-svc: h3=":443"; ma=86400, h3-29=":443"; ma=86400, h3-28=":443"; ma=86400, h3-27=":443"; ma=86400

{
    "name": "morpheus",
    "job": "leader",
    "id": "157",
    "createdAt": "2021-09-24T00:52:29.802Z"
}
HTTP/1.1 201 Created
Date: Fri, 24 Sep 2021 00:52:29 GMT
Content-Type: application/json; charset=utf-8
Content-Length: 84
Connection: keep-alive
x-powered-by: Express
access-control-allow-origin: *
etag: W/"54-kUYx9mfR0GyGuGkBhWEmmiP/cy8"
via: 1.1 vegur
CF-Cache-Status: DYNAMIC
Expect-CT: max-age=604800, report-uri="https://report-uri.cloudflare.com/cdn-cgi/beacon/expect-ct"
Report-To: {"endpoints":[{"url":"https:\/\/a.nel.cloudflare.com\/report\/v3?s=izB7DK16tyT%2F%2Flo7%2B8CjcrW1EQjl%2FXECzZe%2B%2F5ubuQYX3lfdGVgLAigp5MiFMYOp72lHF1bh2wlOUx3aboYKXSWaXG%2BWfwrhqwV66HrrciQ2ItTpb8t0gGHVUHc%3D"}],"group":"cf-nel","max_age":604800}
NEL: {"success_fraction":0,"report_to":"cf-nel","max_age":604800}
Server: cloudflare
CF-RAY: 693807c41c0ee532-ARI
alt-svc: h3=":443"; ma=86400, h3-29=":443"; ma=86400, h3-28=":443"; ma=86400, h3-27=":443"; ma=86400

{
    "name": "morpheus",
    "job": "leader",
    "id": "157",
    "createdAt": "2021-09-24T00:52:29.802Z"
}
HTTP/1.1 201 Created
Date: Fri, 24 Sep 2021 00:52:29 GMT
Content-Type: application/json; charset=utf-8
Content-Length: 84
Connection: keep-alive
x-powered-by: Express
access-control-allow-origin: *
etag: W/"54-kUYx9mfR0GyGuGkBhWEmmiP/cy8"
via: 1.1 vegur
CF-Cache-Status: DYNAMIC
Expect-CT: max-age=604800, report-uri="https://report-uri.cloudflare.com/cdn-cgi/beacon/expect-ct"
Report-To: {"endpoints":[{"url":"https:\/\/a.nel.cloudflare.com\/report\/v3?s=izB7DK16tyT%2F%2Flo7%2B8CjcrW1EQjl%2FXECzZe%2B%2F5ubuQYX3lfdGVgLAigp5MiFMYOp72lHF1bh2wlOUx3aboYKXSWaXG%2BWfwrhqwV66HrrciQ2ItTpb8t0gGHVUHc%3D"}],"group":"cf-nel","max_age":604800}
NEL: {"success_fraction":0,"report_to":"cf-nel","max_age":604800}
Server: cloudflare
CF-RAY: 693807c41c0ee532-ARI
alt-svc: h3=":443"; ma=86400, h3-29=":443"; ma=86400, h3-28=":443"; ma=86400, h3-27=":443"; ma=86400

{
    "name": "morpheus",
    "job": "leader",
    "id": "157",
    "createdAt": "2021-09-24T00:52:29.802Z"
}
HTTP/1.1 201 Created
Date: Fri, 24 Sep 2021 00:52:29 GMT
Content-Type: application/json; charset=utf-8
Content-Length: 84
Connection: keep-alive
x-powered-by: Express
access-control-allow-origin: *
etag: W/"54-kUYx9mfR0GyGuGkBhWEmmiP/cy8"
via: 1.1 vegur
CF-Cache-Status: DYNAMIC
Expect-CT: max-age=604800, report-uri="https://report-uri.cloudflare.com/cdn-cgi/beacon/expect-ct"
Report-To: {"endpoints":[{"url":"https:\/\/a.nel.cloudflare.com\/report\/v3?s=izB7DK16tyT%2F%2Flo7%2B8CjcrW1EQjl%2FXECzZe%2B%2F5ubuQYX3lfdGVgLAigp5MiFMYOp72lHF1bh2wlOUx3aboYKXSWaXG%2BWfwrhqwV66HrrciQ2ItTpb8t0gGHVUHc%3D"}],"group":"cf-nel","max_age":604800}
NEL: {"success_fraction":0,"report_to":"cf-nel","max_age":604800}
Server: cloudflare
CF-RAY: 693807c41c0ee532-ARI
alt-svc: h3=":443"; ma=86400, h3-29=":443"; ma=86400, h3-28=":443"; ma=86400, h3-27=":443"; ma=86400

{
    "name": "morpheus",
    "job": "leader",
    "id": "157",
    "createdAt": "2021-09-24T00:52:29.802Z"
}
HTTP/1.1 201 Created
Date: Fri, 24 Sep 2021 00:52:29 GMT
Content-Type: application/json; charset=utf-8
Content-Length: 84
Connection: keep-alive
x-powered-by: Express
access-control-allow-origin: *
etag: W/"54-kUYx9mfR0GyGuGkBhWEmmiP/cy8"
via: 1.1 vegur
CF-Cache-Status: DYNAMIC
Expect-CT: max-age=604800, report-uri="https://report-uri.cloudflare.com/cdn-cgi/beacon/expect-ct"
Report-To: {"endpoints":[{"url":"https:\/\/a.nel.cloudflare.com\/report\/v3?s=izB7DK16tyT%2F%2Flo7%2B8CjcrW1EQjl%2FXECzZe%2B%2F5ubuQYX3lfdGVgLAigp5MiFMYOp72lHF1bh2wlOUx3aboYKXSWaXG%2BWfwrhqwV66HrrciQ2ItTpb8t0gGHVUHc%3D"}],"group":"cf-nel","max_age":604800}
NEL: {"success_fraction":0,"report_to":"cf-nel","max_age":604800}
Server: cloudflare
CF-RAY: 693807c41c0ee532-ARI
alt-svc: h3=":443"; ma=86400, h3-29=":443"; ma=86400, h3-28=":443"; ma=86400, h3-27=":443"; ma=86400

{
    "name": "morpheus",
    "job": "leader",
    "id": "157",
    "createdAt": "2021-09-24T00:52:29.802Z"
}
Request method:	POST
Request URI:	https://reqres.in/api/users
Proxy:			<none>
Request params:	<none>
Query params:	<none>
Form params:	<none>
Path params:	<none>
Headers:		Accept=*/*
				Content-Type=application/json
Cookies:		<none>
Multiparts:		<none>
Body:
{name=, job=}
Request method:	POST
Request URI:	https://reqres.in/api/users
Proxy:			<none>
Request params:	<none>
Query params:	<none>
Form params:	<none>
Path params:	<none>
Headers:		Accept=*/*
				Content-Type=application/json
Cookies:		<none>
Multiparts:		<none>
Body:
{name=, job=}
Request method:	POST
Request URI:	https://reqres.in/api/users
Proxy:			<none>
Request params:	<none>
Query params:	<none>
Form params:	<none>
Path params:	<none>
Headers:		Accept=*/*
				Content-Type=application/json
Cookies:		<none>
Multiparts:		<none>
Body:
{name=, job=}
Request method:	POST
Request URI:	https://reqres.in/api/users
Proxy:			<none>
Request params:	<none>
Query params:	<none>
Form params:	<none>
Path params:	<none>
Headers:		Accept=*/*
				Content-Type=application/json
Cookies:		<none>
Multiparts:		<none>
Body:
{name=, job=}
Request method:	POST
Request URI:	https://reqres.in/api/users
Proxy:			<none>
Request params:	<none>
Query params:	<none>
Form params:	<none>
Path params:	<none>
Headers:		Accept=*/*
				Content-Type=application/json
Cookies:		<none>
Multiparts:		<none>
Body:
{name=, job=}
Request method:	POST
Request URI:	https://reqres.in/api/users
Proxy:			<none>
Request params:	<none>
Query params:	<none>
Form params:	<none>
Path params:	<none>
Headers:		Accept=*/*
				Content-Type=application/json
Cookies:		<none>
Multiparts:		<none>
Body:
{name=, job=}
Request method:	POST
Request URI:	https://reqres.in/api/users
Proxy:			<none>
Request params:	<none>
Query params:	<none>
Form params:	<none>
Path params:	<none>
Headers:		Accept=*/*
				Content-Type=application/json
Cookies:		<none>
Multiparts:		<none>
Body:
{name=, job=}
Request method:	POST
Request URI:	https://reqres.in/api/users
Proxy:			<none>
Request params:	<none>
Query params:	<none>
Form params:	<none>
Path params:	<none>
Headers:		Accept=*/*
				Content-Type=application/json
Cookies:		<none>
Multiparts:		<none>
Body:
{name=, job=}
HTTP/1.1 400 Bad Request
Date: Fri, 24 Sep 2021 00:52:30 GMT
Content-Type: text/html; charset=utf-8
Transfer-Encoding: chunked
Connection: keep-alive
x-powered-by: Express
content-security-policy: default-src 'none'
x-content-type-options: nosniff
via: 1.1 vegur
CF-Cache-Status: DYNAMIC
Expect-CT: max-age=604800, report-uri="https://report-uri.cloudflare.com/cdn-cgi/beacon/expect-ct"
Report-To: {"endpoints":[{"url":"https:\/\/a.nel.cloudflare.com\/report\/v3?s=2Repu%2FBtEajrCqjbDVlCxC5l%2FaZyOyTssyH%2BSyQZK68ywX9d0FDli9mueTsTcYG2JEadew97PRYjHHyR5DeOZTxoMOntrtjNjS5lbPWfjdu5Edg8aomNc4sznqs%3D"}],"group":"cf-nel","max_age":604800}
NEL: {"success_fraction":0,"report_to":"cf-nel","max_age":604800}
Server: cloudflare
CF-RAY: 693807c84a01e52e-ARI
alt-svc: h3=":443"; ma=86400, h3-29=":443"; ma=86400, h3-28=":443"; ma=86400, h3-27=":443"; ma=86400

<html lang="en">
  <head>
    <meta charset="utf-8"/>
    <title>Error</title>
  </head>
  <body>
    <pre>Bad Request</pre>
  </body>
</html>
HTTP/1.1 400 Bad Request
Date: Fri, 24 Sep 2021 00:52:30 GMT
Content-Type: text/html; charset=utf-8
Transfer-Encoding: chunked
Connection: keep-alive
x-powered-by: Express
content-security-policy: default-src 'none'
x-content-type-options: nosniff
via: 1.1 vegur
CF-Cache-Status: DYNAMIC
Expect-CT: max-age=604800, report-uri="https://report-uri.cloudflare.com/cdn-cgi/beacon/expect-ct"
Report-To: {"endpoints":[{"url":"https:\/\/a.nel.cloudflare.com\/report\/v3?s=2Repu%2FBtEajrCqjbDVlCxC5l%2FaZyOyTssyH%2BSyQZK68ywX9d0FDli9mueTsTcYG2JEadew97PRYjHHyR5DeOZTxoMOntrtjNjS5lbPWfjdu5Edg8aomNc4sznqs%3D"}],"group":"cf-nel","max_age":604800}
NEL: {"success_fraction":0,"report_to":"cf-nel","max_age":604800}
Server: cloudflare
CF-RAY: 693807c84a01e52e-ARI
alt-svc: h3=":443"; ma=86400, h3-29=":443"; ma=86400, h3-28=":443"; ma=86400, h3-27=":443"; ma=86400

<html lang="en">
  <head>
    <meta charset="utf-8"/>
    <title>Error</title>
  </head>
  <body>
    <pre>Bad Request</pre>
  </body>
</html>
HTTP/1.1 400 Bad Request
Date: Fri, 24 Sep 2021 00:52:30 GMT
Content-Type: text/html; charset=utf-8
Transfer-Encoding: chunked
Connection: keep-alive
x-powered-by: Express
content-security-policy: default-src 'none'
x-content-type-options: nosniff
via: 1.1 vegur
CF-Cache-Status: DYNAMIC
Expect-CT: max-age=604800, report-uri="https://report-uri.cloudflare.com/cdn-cgi/beacon/expect-ct"
Report-To: {"endpoints":[{"url":"https:\/\/a.nel.cloudflare.com\/report\/v3?s=2Repu%2FBtEajrCqjbDVlCxC5l%2FaZyOyTssyH%2BSyQZK68ywX9d0FDli9mueTsTcYG2JEadew97PRYjHHyR5DeOZTxoMOntrtjNjS5lbPWfjdu5Edg8aomNc4sznqs%3D"}],"group":"cf-nel","max_age":604800}
NEL: {"success_fraction":0,"report_to":"cf-nel","max_age":604800}
Server: cloudflare
CF-RAY: 693807c84a01e52e-ARI
alt-svc: h3=":443"; ma=86400, h3-29=":443"; ma=86400, h3-28=":443"; ma=86400, h3-27=":443"; ma=86400

<html lang="en">
  <head>
    <meta charset="utf-8"/>
    <title>Error</title>
  </head>
  <body>
    <pre>Bad Request</pre>
  </body>
</html>
HTTP/1.1 400 Bad Request
Date: Fri, 24 Sep 2021 00:52:30 GMT
Content-Type: text/html; charset=utf-8
Transfer-Encoding: chunked
Connection: keep-alive
x-powered-by: Express
content-security-policy: default-src 'none'
x-content-type-options: nosniff
via: 1.1 vegur
CF-Cache-Status: DYNAMIC
Expect-CT: max-age=604800, report-uri="https://report-uri.cloudflare.com/cdn-cgi/beacon/expect-ct"
Report-To: {"endpoints":[{"url":"https:\/\/a.nel.cloudflare.com\/report\/v3?s=2Repu%2FBtEajrCqjbDVlCxC5l%2FaZyOyTssyH%2BSyQZK68ywX9d0FDli9mueTsTcYG2JEadew97PRYjHHyR5DeOZTxoMOntrtjNjS5lbPWfjdu5Edg8aomNc4sznqs%3D"}],"group":"cf-nel","max_age":604800}
NEL: {"success_fraction":0,"report_to":"cf-nel","max_age":604800}
Server: cloudflare
CF-RAY: 693807c84a01e52e-ARI
alt-svc: h3=":443"; ma=86400, h3-29=":443"; ma=86400, h3-28=":443"; ma=86400, h3-27=":443"; ma=86400

<html lang="en">
  <head>
    <meta charset="utf-8"/>
    <title>Error</title>
  </head>
  <body>
    <pre>Bad Request</pre>
  </body>
</html>
HTTP/1.1 400 Bad Request
Date: Fri, 24 Sep 2021 00:52:30 GMT
Content-Type: text/html; charset=utf-8
Transfer-Encoding: chunked
Connection: keep-alive
x-powered-by: Express
content-security-policy: default-src 'none'
x-content-type-options: nosniff
via: 1.1 vegur
CF-Cache-Status: DYNAMIC
Expect-CT: max-age=604800, report-uri="https://report-uri.cloudflare.com/cdn-cgi/beacon/expect-ct"
Report-To: {"endpoints":[{"url":"https:\/\/a.nel.cloudflare.com\/report\/v3?s=2Repu%2FBtEajrCqjbDVlCxC5l%2FaZyOyTssyH%2BSyQZK68ywX9d0FDli9mueTsTcYG2JEadew97PRYjHHyR5DeOZTxoMOntrtjNjS5lbPWfjdu5Edg8aomNc4sznqs%3D"}],"group":"cf-nel","max_age":604800}
NEL: {"success_fraction":0,"report_to":"cf-nel","max_age":604800}
Server: cloudflare
CF-RAY: 693807c84a01e52e-ARI
alt-svc: h3=":443"; ma=86400, h3-29=":443"; ma=86400, h3-28=":443"; ma=86400, h3-27=":443"; ma=86400

<html lang="en">
  <head>
    <meta charset="utf-8"/>
    <title>Error</title>
  </head>
  <body>
    <pre>Bad Request</pre>
  </body>
</html>
HTTP/1.1 400 Bad Request
Date: Fri, 24 Sep 2021 00:52:30 GMT
Content-Type: text/html; charset=utf-8
Transfer-Encoding: chunked
Connection: keep-alive
x-powered-by: Express
content-security-policy: default-src 'none'
x-content-type-options: nosniff
via: 1.1 vegur
CF-Cache-Status: DYNAMIC
Expect-CT: max-age=604800, report-uri="https://report-uri.cloudflare.com/cdn-cgi/beacon/expect-ct"
Report-To: {"endpoints":[{"url":"https:\/\/a.nel.cloudflare.com\/report\/v3?s=2Repu%2FBtEajrCqjbDVlCxC5l%2FaZyOyTssyH%2BSyQZK68ywX9d0FDli9mueTsTcYG2JEadew97PRYjHHyR5DeOZTxoMOntrtjNjS5lbPWfjdu5Edg8aomNc4sznqs%3D"}],"group":"cf-nel","max_age":604800}
NEL: {"success_fraction":0,"report_to":"cf-nel","max_age":604800}
Server: cloudflare
CF-RAY: 693807c84a01e52e-ARI
alt-svc: h3=":443"; ma=86400, h3-29=":443"; ma=86400, h3-28=":443"; ma=86400, h3-27=":443"; ma=86400

<html lang="en">
  <head>
    <meta charset="utf-8"/>
    <title>Error</title>
  </head>
  <body>
    <pre>Bad Request</pre>
  </body>
</html>
HTTP/1.1 400 Bad Request
Date: Fri, 24 Sep 2021 00:52:30 GMT
Content-Type: text/html; charset=utf-8
Transfer-Encoding: chunked
Connection: keep-alive
x-powered-by: Express
content-security-policy: default-src 'none'
x-content-type-options: nosniff
via: 1.1 vegur
CF-Cache-Status: DYNAMIC
Expect-CT: max-age=604800, report-uri="https://report-uri.cloudflare.com/cdn-cgi/beacon/expect-ct"
Report-To: {"endpoints":[{"url":"https:\/\/a.nel.cloudflare.com\/report\/v3?s=2Repu%2FBtEajrCqjbDVlCxC5l%2FaZyOyTssyH%2BSyQZK68ywX9d0FDli9mueTsTcYG2JEadew97PRYjHHyR5DeOZTxoMOntrtjNjS5lbPWfjdu5Edg8aomNc4sznqs%3D"}],"group":"cf-nel","max_age":604800}
NEL: {"success_fraction":0,"report_to":"cf-nel","max_age":604800}
Server: cloudflare
CF-RAY: 693807c84a01e52e-ARI
alt-svc: h3=":443"; ma=86400, h3-29=":443"; ma=86400, h3-28=":443"; ma=86400, h3-27=":443"; ma=86400

<html lang="en">
  <head>
    <meta charset="utf-8"/>
    <title>Error</title>
  </head>
  <body>
    <pre>Bad Request</pre>
  </body>
</html>
HTTP/1.1 400 Bad Request
Date: Fri, 24 Sep 2021 00:52:30 GMT
Content-Type: text/html; charset=utf-8
Transfer-Encoding: chunked
Connection: keep-alive
x-powered-by: Express
content-security-policy: default-src 'none'
x-content-type-options: nosniff
via: 1.1 vegur
CF-Cache-Status: DYNAMIC
Expect-CT: max-age=604800, report-uri="https://report-uri.cloudflare.com/cdn-cgi/beacon/expect-ct"
Report-To: {"endpoints":[{"url":"https:\/\/a.nel.cloudflare.com\/report\/v3?s=2Repu%2FBtEajrCqjbDVlCxC5l%2FaZyOyTssyH%2BSyQZK68ywX9d0FDli9mueTsTcYG2JEadew97PRYjHHyR5DeOZTxoMOntrtjNjS5lbPWfjdu5Edg8aomNc4sznqs%3D"}],"group":"cf-nel","max_age":604800}
NEL: {"success_fraction":0,"report_to":"cf-nel","max_age":604800}
Server: cloudflare
CF-RAY: 693807c84a01e52e-ARI
alt-svc: h3=":443"; ma=86400, h3-29=":443"; ma=86400, h3-28=":443"; ma=86400, h3-27=":443"; ma=86400

<html lang="en">
  <head>
    <meta charset="utf-8"/>
    <title>Error</title>
  </head>
  <body>
    <pre>Bad Request</pre>
  </body>
</html>
Request method:	POST
Request URI:	https://reqres.in/api/users
Proxy:			<none>
Request params:	<none>
Query params:	<none>
Form params:	<none>
Path params:	<none>
Headers:		Accept=*/*
				Content-Type=application/json
Cookies:		<none>
Multiparts:		<none>
Body:
{name=Alejandra}
Request method:	POST
Request URI:	https://reqres.in/api/users
Proxy:			<none>
Request params:	<none>
Query params:	<none>
Form params:	<none>
Path params:	<none>
Headers:		Accept=*/*
				Content-Type=application/json
Cookies:		<none>
Multiparts:		<none>
Body:
{name=Alejandra}
Request method:	POST
Request URI:	https://reqres.in/api/users
Proxy:			<none>
Request params:	<none>
Query params:	<none>
Form params:	<none>
Path params:	<none>
Headers:		Accept=*/*
				Content-Type=application/json
Cookies:		<none>
Multiparts:		<none>
Body:
{name=Alejandra}
Request method:	POST
Request URI:	https://reqres.in/api/users
Proxy:			<none>
Request params:	<none>
Query params:	<none>
Form params:	<none>
Path params:	<none>
Headers:		Accept=*/*
				Content-Type=application/json
Cookies:		<none>
Multiparts:		<none>
Body:
{name=Alejandra}
Request method:	POST
Request URI:	https://reqres.in/api/users
Proxy:			<none>
Request params:	<none>
Query params:	<none>
Form params:	<none>
Path params:	<none>
Headers:		Accept=*/*
				Content-Type=application/json
Cookies:		<none>
Multiparts:		<none>
Body:
{name=Alejandra}
Request method:	POST
Request URI:	https://reqres.in/api/users
Proxy:			<none>
Request params:	<none>
Query params:	<none>
Form params:	<none>
Path params:	<none>
Headers:		Accept=*/*
				Content-Type=application/json
Cookies:		<none>
Multiparts:		<none>
Body:
{name=Alejandra}
Request method:	POST
Request URI:	https://reqres.in/api/users
Proxy:			<none>
Request params:	<none>
Query params:	<none>
Form params:	<none>
Path params:	<none>
Headers:		Accept=*/*
				Content-Type=application/json
Cookies:		<none>
Multiparts:		<none>
Body:
{name=Alejandra}
Request method:	POST
Request URI:	https://reqres.in/api/users
Proxy:			<none>
Request params:	<none>
Query params:	<none>
Form params:	<none>
Path params:	<none>
Headers:		Accept=*/*
				Content-Type=application/json
Cookies:		<none>
Multiparts:		<none>
Body:
{name=Alejandra}
HTTP/1.1 400 Bad Request
Date: Fri, 24 Sep 2021 00:52:31 GMT
Content-Type: text/html; charset=utf-8
Transfer-Encoding: chunked
Connection: keep-alive
x-powered-by: Express
content-security-policy: default-src 'none'
x-content-type-options: nosniff
via: 1.1 vegur
CF-Cache-Status: DYNAMIC
Expect-CT: max-age=604800, report-uri="https://report-uri.cloudflare.com/cdn-cgi/beacon/expect-ct"
Report-To: {"endpoints":[{"url":"https:\/\/a.nel.cloudflare.com\/report\/v3?s=qZorREbZgIkD5HRThycNuvZQE%2Bq7ygO%2FvJxkJKLJB6yAGNYQxBFU9a7%2FnJtDldEqzAhIPIDO5i5DvXq0vUjBaCeP8fzUVou4er8qntGZZBkVFNpldfvClatLbB8%3D"}],"group":"cf-nel","max_age":604800}
NEL: {"success_fraction":0,"report_to":"cf-nel","max_age":604800}
Server: cloudflare
CF-RAY: 693807cd4902e52a-ARI
alt-svc: h3=":443"; ma=86400, h3-29=":443"; ma=86400, h3-28=":443"; ma=86400, h3-27=":443"; ma=86400

<html lang="en">
  <head>
    <meta charset="utf-8"/>
    <title>Error</title>
  </head>
  <body>
    <pre>Bad Request</pre>
  </body>
</html>
HTTP/1.1 400 Bad Request
Date: Fri, 24 Sep 2021 00:52:31 GMT
Content-Type: text/html; charset=utf-8
Transfer-Encoding: chunked
Connection: keep-alive
x-powered-by: Express
content-security-policy: default-src 'none'
x-content-type-options: nosniff
via: 1.1 vegur
CF-Cache-Status: DYNAMIC
Expect-CT: max-age=604800, report-uri="https://report-uri.cloudflare.com/cdn-cgi/beacon/expect-ct"
Report-To: {"endpoints":[{"url":"https:\/\/a.nel.cloudflare.com\/report\/v3?s=qZorREbZgIkD5HRThycNuvZQE%2Bq7ygO%2FvJxkJKLJB6yAGNYQxBFU9a7%2FnJtDldEqzAhIPIDO5i5DvXq0vUjBaCeP8fzUVou4er8qntGZZBkVFNpldfvClatLbB8%3D"}],"group":"cf-nel","max_age":604800}
NEL: {"success_fraction":0,"report_to":"cf-nel","max_age":604800}
Server: cloudflare
CF-RAY: 693807cd4902e52a-ARI
alt-svc: h3=":443"; ma=86400, h3-29=":443"; ma=86400, h3-28=":443"; ma=86400, h3-27=":443"; ma=86400

<html lang="en">
  <head>
    <meta charset="utf-8"/>
    <title>Error</title>
  </head>
  <body>
    <pre>Bad Request</pre>
  </body>
</html>
HTTP/1.1 400 Bad Request
Date: Fri, 24 Sep 2021 00:52:31 GMT
Content-Type: text/html; charset=utf-8
Transfer-Encoding: chunked
Connection: keep-alive
x-powered-by: Express
content-security-policy: default-src 'none'
x-content-type-options: nosniff
via: 1.1 vegur
CF-Cache-Status: DYNAMIC
Expect-CT: max-age=604800, report-uri="https://report-uri.cloudflare.com/cdn-cgi/beacon/expect-ct"
Report-To: {"endpoints":[{"url":"https:\/\/a.nel.cloudflare.com\/report\/v3?s=qZorREbZgIkD5HRThycNuvZQE%2Bq7ygO%2FvJxkJKLJB6yAGNYQxBFU9a7%2FnJtDldEqzAhIPIDO5i5DvXq0vUjBaCeP8fzUVou4er8qntGZZBkVFNpldfvClatLbB8%3D"}],"group":"cf-nel","max_age":604800}
NEL: {"success_fraction":0,"report_to":"cf-nel","max_age":604800}
Server: cloudflare
CF-RAY: 693807cd4902e52a-ARI
alt-svc: h3=":443"; ma=86400, h3-29=":443"; ma=86400, h3-28=":443"; ma=86400, h3-27=":443"; ma=86400

<html lang="en">
  <head>
    <meta charset="utf-8"/>
    <title>Error</title>
  </head>
  <body>
    <pre>Bad Request</pre>
  </body>
</html>
HTTP/1.1 400 Bad Request
Date: Fri, 24 Sep 2021 00:52:31 GMT
Content-Type: text/html; charset=utf-8
Transfer-Encoding: chunked
Connection: keep-alive
x-powered-by: Express
content-security-policy: default-src 'none'
x-content-type-options: nosniff
via: 1.1 vegur
CF-Cache-Status: DYNAMIC
Expect-CT: max-age=604800, report-uri="https://report-uri.cloudflare.com/cdn-cgi/beacon/expect-ct"
Report-To: {"endpoints":[{"url":"https:\/\/a.nel.cloudflare.com\/report\/v3?s=qZorREbZgIkD5HRThycNuvZQE%2Bq7ygO%2FvJxkJKLJB6yAGNYQxBFU9a7%2FnJtDldEqzAhIPIDO5i5DvXq0vUjBaCeP8fzUVou4er8qntGZZBkVFNpldfvClatLbB8%3D"}],"group":"cf-nel","max_age":604800}
NEL: {"success_fraction":0,"report_to":"cf-nel","max_age":604800}
Server: cloudflare
CF-RAY: 693807cd4902e52a-ARI
alt-svc: h3=":443"; ma=86400, h3-29=":443"; ma=86400, h3-28=":443"; ma=86400, h3-27=":443"; ma=86400

<html lang="en">
  <head>
    <meta charset="utf-8"/>
    <title>Error</title>
  </head>
  <body>
    <pre>Bad Request</pre>
  </body>
</html>
HTTP/1.1 400 Bad Request
Date: Fri, 24 Sep 2021 00:52:31 GMT
Content-Type: text/html; charset=utf-8
Transfer-Encoding: chunked
Connection: keep-alive
x-powered-by: Express
content-security-policy: default-src 'none'
x-content-type-options: nosniff
via: 1.1 vegur
CF-Cache-Status: DYNAMIC
Expect-CT: max-age=604800, report-uri="https://report-uri.cloudflare.com/cdn-cgi/beacon/expect-ct"
Report-To: {"endpoints":[{"url":"https:\/\/a.nel.cloudflare.com\/report\/v3?s=qZorREbZgIkD5HRThycNuvZQE%2Bq7ygO%2FvJxkJKLJB6yAGNYQxBFU9a7%2FnJtDldEqzAhIPIDO5i5DvXq0vUjBaCeP8fzUVou4er8qntGZZBkVFNpldfvClatLbB8%3D"}],"group":"cf-nel","max_age":604800}
NEL: {"success_fraction":0,"report_to":"cf-nel","max_age":604800}
Server: cloudflare
CF-RAY: 693807cd4902e52a-ARI
alt-svc: h3=":443"; ma=86400, h3-29=":443"; ma=86400, h3-28=":443"; ma=86400, h3-27=":443"; ma=86400

<html lang="en">
  <head>
    <meta charset="utf-8"/>
    <title>Error</title>
  </head>
  <body>
    <pre>Bad Request</pre>
  </body>
</html>
HTTP/1.1 400 Bad Request
Date: Fri, 24 Sep 2021 00:52:31 GMT
Content-Type: text/html; charset=utf-8
Transfer-Encoding: chunked
Connection: keep-alive
x-powered-by: Express
content-security-policy: default-src 'none'
x-content-type-options: nosniff
via: 1.1 vegur
CF-Cache-Status: DYNAMIC
Expect-CT: max-age=604800, report-uri="https://report-uri.cloudflare.com/cdn-cgi/beacon/expect-ct"
Report-To: {"endpoints":[{"url":"https:\/\/a.nel.cloudflare.com\/report\/v3?s=qZorREbZgIkD5HRThycNuvZQE%2Bq7ygO%2FvJxkJKLJB6yAGNYQxBFU9a7%2FnJtDldEqzAhIPIDO5i5DvXq0vUjBaCeP8fzUVou4er8qntGZZBkVFNpldfvClatLbB8%3D"}],"group":"cf-nel","max_age":604800}
NEL: {"success_fraction":0,"report_to":"cf-nel","max_age":604800}
Server: cloudflare
CF-RAY: 693807cd4902e52a-ARI
alt-svc: h3=":443"; ma=86400, h3-29=":443"; ma=86400, h3-28=":443"; ma=86400, h3-27=":443"; ma=86400

<html lang="en">
  <head>
    <meta charset="utf-8"/>
    <title>Error</title>
  </head>
  <body>
    <pre>Bad Request</pre>
  </body>
</html>
HTTP/1.1 400 Bad Request
Date: Fri, 24 Sep 2021 00:52:31 GMT
Content-Type: text/html; charset=utf-8
Transfer-Encoding: chunked
Connection: keep-alive
x-powered-by: Express
content-security-policy: default-src 'none'
x-content-type-options: nosniff
via: 1.1 vegur
CF-Cache-Status: DYNAMIC
Expect-CT: max-age=604800, report-uri="https://report-uri.cloudflare.com/cdn-cgi/beacon/expect-ct"
Report-To: {"endpoints":[{"url":"https:\/\/a.nel.cloudflare.com\/report\/v3?s=qZorREbZgIkD5HRThycNuvZQE%2Bq7ygO%2FvJxkJKLJB6yAGNYQxBFU9a7%2FnJtDldEqzAhIPIDO5i5DvXq0vUjBaCeP8fzUVou4er8qntGZZBkVFNpldfvClatLbB8%3D"}],"group":"cf-nel","max_age":604800}
NEL: {"success_fraction":0,"report_to":"cf-nel","max_age":604800}
Server: cloudflare
CF-RAY: 693807cd4902e52a-ARI
alt-svc: h3=":443"; ma=86400, h3-29=":443"; ma=86400, h3-28=":443"; ma=86400, h3-27=":443"; ma=86400

<html lang="en">
  <head>
    <meta charset="utf-8"/>
    <title>Error</title>
  </head>
  <body>
    <pre>Bad Request</pre>
  </body>
</html>
HTTP/1.1 400 Bad Request
Date: Fri, 24 Sep 2021 00:52:31 GMT
Content-Type: text/html; charset=utf-8
Transfer-Encoding: chunked
Connection: keep-alive
x-powered-by: Express
content-security-policy: default-src 'none'
x-content-type-options: nosniff
via: 1.1 vegur
CF-Cache-Status: DYNAMIC
Expect-CT: max-age=604800, report-uri="https://report-uri.cloudflare.com/cdn-cgi/beacon/expect-ct"
Report-To: {"endpoints":[{"url":"https:\/\/a.nel.cloudflare.com\/report\/v3?s=qZorREbZgIkD5HRThycNuvZQE%2Bq7ygO%2FvJxkJKLJB6yAGNYQxBFU9a7%2FnJtDldEqzAhIPIDO5i5DvXq0vUjBaCeP8fzUVou4er8qntGZZBkVFNpldfvClatLbB8%3D"}],"group":"cf-nel","max_age":604800}
NEL: {"success_fraction":0,"report_to":"cf-nel","max_age":604800}
Server: cloudflare
CF-RAY: 693807cd4902e52a-ARI
alt-svc: h3=":443"; ma=86400, h3-29=":443"; ma=86400, h3-28=":443"; ma=86400, h3-27=":443"; ma=86400

<html lang="en">
  <head>
    <meta charset="utf-8"/>
    <title>Error</title>
  </head>
  <body>
    <pre>Bad Request</pre>
  </body>
</html>
Request method:	POST
Request URI:	https://reqres.in/api/users
Proxy:			<none>
Request params:	<none>
Query params:	<none>
Form params:	<none>
Path params:	<none>
Headers:		Accept=*/*
				Content-Type=application/json
Cookies:		<none>
Multiparts:		<none>
Body:
{
    "name": "",
    "job": ""
}
Request method:	POST
Request URI:	https://reqres.in/api/users
Proxy:			<none>
Request params:	<none>
Query params:	<none>
Form params:	<none>
Path params:	<none>
Headers:		Accept=*/*
				Content-Type=application/json
Cookies:		<none>
Multiparts:		<none>
Body:
{
    "name": "",
    "job": ""
}
Request method:	POST
Request URI:	https://reqres.in/api/users
Proxy:			<none>
Request params:	<none>
Query params:	<none>
Form params:	<none>
Path params:	<none>
Headers:		Accept=*/*
				Content-Type=application/json
Cookies:		<none>
Multiparts:		<none>
Body:
{
    "name": "",
    "job": ""
}
Request method:	POST
Request URI:	https://reqres.in/api/users
Proxy:			<none>
Request params:	<none>
Query params:	<none>
Form params:	<none>
Path params:	<none>
Headers:		Accept=*/*
				Content-Type=application/json
Cookies:		<none>
Multiparts:		<none>
Body:
{
    "name": "",
    "job": ""
}
Request method:	POST
Request URI:	https://reqres.in/api/users
Proxy:			<none>
Request params:	<none>
Query params:	<none>
Form params:	<none>
Path params:	<none>
Headers:		Accept=*/*
				Content-Type=application/json
Cookies:		<none>
Multiparts:		<none>
Body:
{
    "name": "",
    "job": ""
}
Request method:	POST
Request URI:	https://reqres.in/api/users
Proxy:			<none>
Request params:	<none>
Query params:	<none>
Form params:	<none>
Path params:	<none>
Headers:		Accept=*/*
				Content-Type=application/json
Cookies:		<none>
Multiparts:		<none>
Body:
{
    "name": "",
    "job": ""
}
Request method:	POST
Request URI:	https://reqres.in/api/users
Proxy:			<none>
Request params:	<none>
Query params:	<none>
Form params:	<none>
Path params:	<none>
Headers:		Accept=*/*
				Content-Type=application/json
Cookies:		<none>
Multiparts:		<none>
Body:
{
    "name": "",
    "job": ""
}
HTTP/1.1 201 Created
Date: Fri, 24 Sep 2021 00:52:32 GMT
Content-Type: application/json; charset=utf-8
Content-Length: 70
Connection: keep-alive
x-powered-by: Express
access-control-allow-origin: *
etag: W/"46-nUs+S7YxXl6N7VG7oVRjZCOjrdc"
via: 1.1 vegur
CF-Cache-Status: DYNAMIC
Expect-CT: max-age=604800, report-uri="https://report-uri.cloudflare.com/cdn-cgi/beacon/expect-ct"
Report-To: {"endpoints":[{"url":"https:\/\/a.nel.cloudflare.com\/report\/v3?s=Hfi7YwMw%2FhBKbiU149coI3XYz%2BN0hbVmxXbHdV%2BlOKT1CVmDDcmRQTTGc%2Fy5vKFwTiJIMjGMPLL6%2FZa89cA%2BJ2nemZbJV9FkrzAyFffsLSAJ6RdB3NaydUUp0hw%3D"}],"group":"cf-nel","max_age":604800}
NEL: {"success_fraction":0,"report_to":"cf-nel","max_age":604800}
Server: cloudflare
CF-RAY: 693807d198f7e52a-ARI
alt-svc: h3=":443"; ma=86400, h3-29=":443"; ma=86400, h3-28=":443"; ma=86400, h3-27=":443"; ma=86400

{
    "name": "",
    "job": "",
    "id": "897",
    "createdAt": "2021-09-24T00:52:31.918Z"
}
HTTP/1.1 201 Created
Date: Fri, 24 Sep 2021 00:52:32 GMT
Content-Type: application/json; charset=utf-8
Content-Length: 70
Connection: keep-alive
x-powered-by: Express
access-control-allow-origin: *
etag: W/"46-nUs+S7YxXl6N7VG7oVRjZCOjrdc"
via: 1.1 vegur
CF-Cache-Status: DYNAMIC
Expect-CT: max-age=604800, report-uri="https://report-uri.cloudflare.com/cdn-cgi/beacon/expect-ct"
Report-To: {"endpoints":[{"url":"https:\/\/a.nel.cloudflare.com\/report\/v3?s=Hfi7YwMw%2FhBKbiU149coI3XYz%2BN0hbVmxXbHdV%2BlOKT1CVmDDcmRQTTGc%2Fy5vKFwTiJIMjGMPLL6%2FZa89cA%2BJ2nemZbJV9FkrzAyFffsLSAJ6RdB3NaydUUp0hw%3D"}],"group":"cf-nel","max_age":604800}
NEL: {"success_fraction":0,"report_to":"cf-nel","max_age":604800}
Server: cloudflare
CF-RAY: 693807d198f7e52a-ARI
alt-svc: h3=":443"; ma=86400, h3-29=":443"; ma=86400, h3-28=":443"; ma=86400, h3-27=":443"; ma=86400

{
    "name": "",
    "job": "",
    "id": "897",
    "createdAt": "2021-09-24T00:52:31.918Z"
}
HTTP/1.1 201 Created
Date: Fri, 24 Sep 2021 00:52:32 GMT
Content-Type: application/json; charset=utf-8
Content-Length: 70
Connection: keep-alive
x-powered-by: Express
access-control-allow-origin: *
etag: W/"46-nUs+S7YxXl6N7VG7oVRjZCOjrdc"
via: 1.1 vegur
CF-Cache-Status: DYNAMIC
Expect-CT: max-age=604800, report-uri="https://report-uri.cloudflare.com/cdn-cgi/beacon/expect-ct"
Report-To: {"endpoints":[{"url":"https:\/\/a.nel.cloudflare.com\/report\/v3?s=Hfi7YwMw%2FhBKbiU149coI3XYz%2BN0hbVmxXbHdV%2BlOKT1CVmDDcmRQTTGc%2Fy5vKFwTiJIMjGMPLL6%2FZa89cA%2BJ2nemZbJV9FkrzAyFffsLSAJ6RdB3NaydUUp0hw%3D"}],"group":"cf-nel","max_age":604800}
NEL: {"success_fraction":0,"report_to":"cf-nel","max_age":604800}
Server: cloudflare
CF-RAY: 693807d198f7e52a-ARI
alt-svc: h3=":443"; ma=86400, h3-29=":443"; ma=86400, h3-28=":443"; ma=86400, h3-27=":443"; ma=86400

{
    "name": "",
    "job": "",
    "id": "897",
    "createdAt": "2021-09-24T00:52:31.918Z"
}
HTTP/1.1 201 Created
Date: Fri, 24 Sep 2021 00:52:32 GMT
Content-Type: application/json; charset=utf-8
Content-Length: 70
Connection: keep-alive
x-powered-by: Express
access-control-allow-origin: *
etag: W/"46-nUs+S7YxXl6N7VG7oVRjZCOjrdc"
via: 1.1 vegur
CF-Cache-Status: DYNAMIC
Expect-CT: max-age=604800, report-uri="https://report-uri.cloudflare.com/cdn-cgi/beacon/expect-ct"
Report-To: {"endpoints":[{"url":"https:\/\/a.nel.cloudflare.com\/report\/v3?s=Hfi7YwMw%2FhBKbiU149coI3XYz%2BN0hbVmxXbHdV%2BlOKT1CVmDDcmRQTTGc%2Fy5vKFwTiJIMjGMPLL6%2FZa89cA%2BJ2nemZbJV9FkrzAyFffsLSAJ6RdB3NaydUUp0hw%3D"}],"group":"cf-nel","max_age":604800}
NEL: {"success_fraction":0,"report_to":"cf-nel","max_age":604800}
Server: cloudflare
CF-RAY: 693807d198f7e52a-ARI
alt-svc: h3=":443"; ma=86400, h3-29=":443"; ma=86400, h3-28=":443"; ma=86400, h3-27=":443"; ma=86400

{
    "name": "",
    "job": "",
    "id": "897",
    "createdAt": "2021-09-24T00:52:31.918Z"
}
HTTP/1.1 201 Created
Date: Fri, 24 Sep 2021 00:52:32 GMT
Content-Type: application/json; charset=utf-8
Content-Length: 70
Connection: keep-alive
x-powered-by: Express
access-control-allow-origin: *
etag: W/"46-nUs+S7YxXl6N7VG7oVRjZCOjrdc"
via: 1.1 vegur
CF-Cache-Status: DYNAMIC
Expect-CT: max-age=604800, report-uri="https://report-uri.cloudflare.com/cdn-cgi/beacon/expect-ct"
Report-To: {"endpoints":[{"url":"https:\/\/a.nel.cloudflare.com\/report\/v3?s=Hfi7YwMw%2FhBKbiU149coI3XYz%2BN0hbVmxXbHdV%2BlOKT1CVmDDcmRQTTGc%2Fy5vKFwTiJIMjGMPLL6%2FZa89cA%2BJ2nemZbJV9FkrzAyFffsLSAJ6RdB3NaydUUp0hw%3D"}],"group":"cf-nel","max_age":604800}
NEL: {"success_fraction":0,"report_to":"cf-nel","max_age":604800}
Server: cloudflare
CF-RAY: 693807d198f7e52a-ARI
alt-svc: h3=":443"; ma=86400, h3-29=":443"; ma=86400, h3-28=":443"; ma=86400, h3-27=":443"; ma=86400

{
    "name": "",
    "job": "",
    "id": "897",
    "createdAt": "2021-09-24T00:52:31.918Z"
}
HTTP/1.1 201 Created
Date: Fri, 24 Sep 2021 00:52:32 GMT
Content-Type: application/json; charset=utf-8
Content-Length: 70
Connection: keep-alive
x-powered-by: Express
access-control-allow-origin: *
etag: W/"46-nUs+S7YxXl6N7VG7oVRjZCOjrdc"
via: 1.1 vegur
CF-Cache-Status: DYNAMIC
Expect-CT: max-age=604800, report-uri="https://report-uri.cloudflare.com/cdn-cgi/beacon/expect-ct"
Report-To: {"endpoints":[{"url":"https:\/\/a.nel.cloudflare.com\/report\/v3?s=Hfi7YwMw%2FhBKbiU149coI3XYz%2BN0hbVmxXbHdV%2BlOKT1CVmDDcmRQTTGc%2Fy5vKFwTiJIMjGMPLL6%2FZa89cA%2BJ2nemZbJV9FkrzAyFffsLSAJ6RdB3NaydUUp0hw%3D"}],"group":"cf-nel","max_age":604800}
NEL: {"success_fraction":0,"report_to":"cf-nel","max_age":604800}
Server: cloudflare
CF-RAY: 693807d198f7e52a-ARI
alt-svc: h3=":443"; ma=86400, h3-29=":443"; ma=86400, h3-28=":443"; ma=86400, h3-27=":443"; ma=86400

{
    "name": "",
    "job": "",
    "id": "897",
    "createdAt": "2021-09-24T00:52:31.918Z"
}
HTTP/1.1 201 Created
Date: Fri, 24 Sep 2021 00:52:32 GMT
Content-Type: application/json; charset=utf-8
Content-Length: 70
Connection: keep-alive
x-powered-by: Express
access-control-allow-origin: *
etag: W/"46-nUs+S7YxXl6N7VG7oVRjZCOjrdc"
via: 1.1 vegur
CF-Cache-Status: DYNAMIC
Expect-CT: max-age=604800, report-uri="https://report-uri.cloudflare.com/cdn-cgi/beacon/expect-ct"
Report-To: {"endpoints":[{"url":"https:\/\/a.nel.cloudflare.com\/report\/v3?s=Hfi7YwMw%2FhBKbiU149coI3XYz%2BN0hbVmxXbHdV%2BlOKT1CVmDDcmRQTTGc%2Fy5vKFwTiJIMjGMPLL6%2FZa89cA%2BJ2nemZbJV9FkrzAyFffsLSAJ6RdB3NaydUUp0hw%3D"}],"group":"cf-nel","max_age":604800}
NEL: {"success_fraction":0,"report_to":"cf-nel","max_age":604800}
Server: cloudflare
CF-RAY: 693807d198f7e52a-ARI
alt-svc: h3=":443"; ma=86400, h3-29=":443"; ma=86400, h3-28=":443"; ma=86400, h3-27=":443"; ma=86400

{
    "name": "",
    "job": "",
    "id": "897",
    "createdAt": "2021-09-24T00:52:31.918Z"
}
]]></system-out>
  <system-err><![CDATA[]]></system-err>
</testsuite>
