<?xml version="1.0" encoding="UTF-8"?>
<testsuite name="testPatch.PtchTestsReqres" tests="3" skipped="0" failures="0" errors="0" timestamp="2021-09-23T17:50:44" hostname="macbook-2021" time="7.213">
  <properties/>
  <testcase name="patchUser" classname="testPatch.PtchTestsReqres" time="5.31"/>
  <testcase name="patchUserWithoutId" classname="testPatch.PtchTestsReqres" time="1.108"/>
  <testcase name="patchUserWithPojo" classname="testPatch.PtchTestsReqres" time="0.785"/>
  <system-out><![CDATA[2021-09-23T13:50:41,641 [Test worker] INFO  (BaseTest.java:18) - Inicando configuracion
2021-09-23T13:50:44,013 [Test worker] INFO  (BaseTest.java:23) - Configuracion exitosa
Request method:	PATCH
Request URI:	https://reqres.in/api/users/2
Proxy:			<none>
Request params:	<none>
Query params:	<none>
Form params:	<none>
Path params:	<none>
Headers:		Accept=*/*
				Content-Type=application/json
Cookies:		<none>
Multiparts:		<none>
Body:
{
    "job": "Quality Assurance"
}
HTTP/1.1 200 OK
Date: Thu, 23 Sep 2021 17:50:47 GMT
Content-Type: application/json; charset=utf-8
Transfer-Encoding: chunked
Connection: keep-alive
x-powered-by: Express
access-control-allow-origin: *
etag: W/"42-AHo9k9rjAKFX5kCz7y573HMRR2M"
via: 1.1 vegur
CF-Cache-Status: DYNAMIC
Expect-CT: max-age=604800, report-uri="https://report-uri.cloudflare.com/cdn-cgi/beacon/expect-ct"
Report-To: {"endpoints":[{"url":"https:\/\/a.nel.cloudflare.com\/report\/v3?s=cXR2q%2BNOTU9o8xa%2F%2BVIExqQUIGv6W5mBcptLOJFThZeGBh7G3mvwZb4LQhOKUditTNAfLC28o5wCriFZljeavSPdVTATCdS%2Bvdz5aGdWtZlNuvlL2YcjTy8Cll4%3D"}],"group":"cf-nel","max_age":604800}
NEL: {"success_fraction":0,"report_to":"cf-nel","max_age":604800}
Server: cloudflare
CF-RAY: 69359e06f98fe526-ARI
Content-Encoding: gzip
alt-svc: h3=":443"; ma=86400, h3-29=":443"; ma=86400, h3-28=":443"; ma=86400, h3-27=":443"; ma=86400

{
    "job": "Quality Assurance",
    "updatedAt": "2021-09-23T17:50:47.340Z"
}
Request method:	PATCH
Request URI:	https://reqres.in/api/users/
Proxy:			<none>
Request params:	<none>
Query params:	<none>
Form params:	<none>
Path params:	<none>
Headers:		Accept=*/*
				Content-Type=application/json
Cookies:		<none>
Multiparts:		<none>
Body:
{
    "name": "Diego Lopez",
    "job": null
}
HTTP/1.1 200 OK
Date: Thu, 23 Sep 2021 17:50:50 GMT
Content-Type: application/json; charset=utf-8
Transfer-Encoding: chunked
Connection: keep-alive
x-powered-by: Express
access-control-allow-origin: *
etag: W/"48-LEAI6DaAaoaTHidGSTFRvMqByIE"
via: 1.1 vegur
CF-Cache-Status: DYNAMIC
Expect-CT: max-age=604800, report-uri="https://report-uri.cloudflare.com/cdn-cgi/beacon/expect-ct"
Report-To: {"endpoints":[{"url":"https:\/\/a.nel.cloudflare.com\/report\/v3?s=wJdVvt4ttYjPwGv%2B2ZaRxv26EEW1jnLzWXTxrWN35o0O9D%2FTyOp2OdCTxGOZaquwRiU6Jm8QFPLyZ7B%2F6M77cG0sDZ%2BTO5X6t6daB6juW5NnGaKU0xPNJtHn4RM%3D"}],"group":"cf-nel","max_age":604800}
NEL: {"success_fraction":0,"report_to":"cf-nel","max_age":604800}
Server: cloudflare
CF-RAY: 69359e1b0b67e51e-ARI
Content-Encoding: gzip
alt-svc: h3=":443"; ma=86400, h3-29=":443"; ma=86400, h3-28=":443"; ma=86400, h3-27=":443"; ma=86400

{
    "name": "Diego Lopez",
    "job": null,
    "updatedAt": "2021-09-23T17:50:50.372Z"
}
Request method:	PATCH
Request URI:	https://reqres.in/api/users/2
Proxy:			<none>
Request params:	<none>
Query params:	<none>
Form params:	<none>
Path params:	<none>
Headers:		Accept=*/*
				Content-Type=application/json
Cookies:		<none>
Multiparts:		<none>
Body:
{
    "name": "Denis",
    "job": null
}
HTTP/1.1 200 OK
Date: Thu, 23 Sep 2021 17:50:51 GMT
Content-Type: application/json; charset=utf-8
Transfer-Encoding: chunked
Connection: keep-alive
x-powered-by: Express
access-control-allow-origin: *
etag: W/"42-IiwkPI50s0KUBGksHD+hTNn0RTI"
via: 1.1 vegur
CF-Cache-Status: DYNAMIC
Expect-CT: max-age=604800, report-uri="https://report-uri.cloudflare.com/cdn-cgi/beacon/expect-ct"
Report-To: {"endpoints":[{"url":"https:\/\/a.nel.cloudflare.com\/report\/v3?s=B47puV7izoAu3RhQ9UpRIero%2Bj4cjGgmf6TddVf9yFp%2B7iO2B%2BMKWUvctFlXGZlYTAzjZRvrOimLcsFAhjY2vdjybJRP03O2pVtKDu9VavyieR0dWOohGXJBiGc%3D"}],"group":"cf-nel","max_age":604800}
NEL: {"success_fraction":0,"report_to":"cf-nel","max_age":604800}
Server: cloudflare
CF-RAY: 69359e20486ce51a-ARI
Content-Encoding: gzip
alt-svc: h3=":443"; ma=86400, h3-29=":443"; ma=86400, h3-28=":443"; ma=86400, h3-27=":443"; ma=86400

{
    "name": "Denis",
    "job": null,
    "updatedAt": "2021-09-23T17:50:51.259Z"
}
]]></system-out>
  <system-err><![CDATA[SLF4J: Failed to load class "org.slf4j.impl.StaticLoggerBinder".
SLF4J: Defaulting to no-operation (NOP) logger implementation
SLF4J: See http://www.slf4j.org/codes.html#StaticLoggerBinder for further details.
]]></system-err>
</testsuite>
