<?xml version="1.0" encoding="UTF-8"?>
<testsuite name="testPatch.PtchTestsReqres" tests="3" skipped="0" failures="0" errors="0" timestamp="2021-09-23T16:51:05" hostname="DESKTOP-0LJSN9D" time="2.601">
  <properties/>
  <testcase name="patchUser" classname="testPatch.PtchTestsReqres" time="0.959"/>
  <testcase name="patchUserWithoutId" classname="testPatch.PtchTestsReqres" time="0.979"/>
  <testcase name="patchUserWithPojo" classname="testPatch.PtchTestsReqres" time="0.656"/>
  <system-out><![CDATA[2021-09-23T12:51:05,744 [Test worker] INFO  (BaseTest.java:18) - Inicando configuracion
2021-09-23T12:51:05,775 [Test worker] INFO  (BaseTest.java:23) - Configuracion exitosa
Request method:	PATCH
Request URI:	https://reqres.in/api/users/2
Proxy:			<none>
Request params:	<none>
Query params:	<none>
Form params:	<none>
Path params:	<none>
Headers:		Accept=*/*
				Content-Type=application/json
Cookies:		<none>
Multiparts:		<none>
Body:
{
    "job": "Quality Assurance"
}
Request method:	PATCH
Request URI:	https://reqres.in/api/users/2
Proxy:			<none>
Request params:	<none>
Query params:	<none>
Form params:	<none>
Path params:	<none>
Headers:		Accept=*/*
				Content-Type=application/json
Cookies:		<none>
Multiparts:		<none>
Body:
{
    "job": "Quality Assurance"
}
Request method:	PATCH
Request URI:	https://reqres.in/api/users/2
Proxy:			<none>
Request params:	<none>
Query params:	<none>
Form params:	<none>
Path params:	<none>
Headers:		Accept=*/*
				Content-Type=application/json
Cookies:		<none>
Multiparts:		<none>
Body:
{
    "job": "Quality Assurance"
}
HTTP/1.1 200 OK
Date: Thu, 23 Sep 2021 16:51:06 GMT
Content-Type: application/json; charset=utf-8
Transfer-Encoding: chunked
Connection: keep-alive
x-powered-by: Express
access-control-allow-origin: *
etag: W/"42-DjolSC1LH0UUKpXQUNO4qEmliHk"
via: 1.1 vegur
CF-Cache-Status: DYNAMIC
Expect-CT: max-age=604800, report-uri="https://report-uri.cloudflare.com/cdn-cgi/beacon/expect-ct"
Report-To: {"endpoints":[{"url":"https:\/\/a.nel.cloudflare.com\/report\/v3?s=TAeijsP7XHD5rLLYWhwk2CicRlgx5dguYJCXilbzRD7qhmDEoJKeOy5z%2Bj6V2JeFA8XLH43D%2F%2F3CXyEXEv1m70ScFupDLAGxrGbb5IAqOwUXQLvi6GiT7cWEvD4%3D"}],"group":"cf-nel","max_age":604800}
NEL: {"success_fraction":0,"report_to":"cf-nel","max_age":604800}
Server: cloudflare
CF-RAY: 6935469cca09e52a-ARI
Content-Encoding: gzip
alt-svc: h3=":443"; ma=86400, h3-29=":443"; ma=86400, h3-28=":443"; ma=86400, h3-27=":443"; ma=86400

{
    "job": "Quality Assurance",
    "updatedAt": "2021-09-23T16:51:06.769Z"
}
HTTP/1.1 200 OK
Date: Thu, 23 Sep 2021 16:51:06 GMT
Content-Type: application/json; charset=utf-8
Transfer-Encoding: chunked
Connection: keep-alive
x-powered-by: Express
access-control-allow-origin: *
etag: W/"42-DjolSC1LH0UUKpXQUNO4qEmliHk"
via: 1.1 vegur
CF-Cache-Status: DYNAMIC
Expect-CT: max-age=604800, report-uri="https://report-uri.cloudflare.com/cdn-cgi/beacon/expect-ct"
Report-To: {"endpoints":[{"url":"https:\/\/a.nel.cloudflare.com\/report\/v3?s=TAeijsP7XHD5rLLYWhwk2CicRlgx5dguYJCXilbzRD7qhmDEoJKeOy5z%2Bj6V2JeFA8XLH43D%2F%2F3CXyEXEv1m70ScFupDLAGxrGbb5IAqOwUXQLvi6GiT7cWEvD4%3D"}],"group":"cf-nel","max_age":604800}
NEL: {"success_fraction":0,"report_to":"cf-nel","max_age":604800}
Server: cloudflare
CF-RAY: 6935469cca09e52a-ARI
Content-Encoding: gzip
alt-svc: h3=":443"; ma=86400, h3-29=":443"; ma=86400, h3-28=":443"; ma=86400, h3-27=":443"; ma=86400

{
    "job": "Quality Assurance",
    "updatedAt": "2021-09-23T16:51:06.769Z"
}
HTTP/1.1 200 OK
Date: Thu, 23 Sep 2021 16:51:06 GMT
Content-Type: application/json; charset=utf-8
Transfer-Encoding: chunked
Connection: keep-alive
x-powered-by: Express
access-control-allow-origin: *
etag: W/"42-DjolSC1LH0UUKpXQUNO4qEmliHk"
via: 1.1 vegur
CF-Cache-Status: DYNAMIC
Expect-CT: max-age=604800, report-uri="https://report-uri.cloudflare.com/cdn-cgi/beacon/expect-ct"
Report-To: {"endpoints":[{"url":"https:\/\/a.nel.cloudflare.com\/report\/v3?s=TAeijsP7XHD5rLLYWhwk2CicRlgx5dguYJCXilbzRD7qhmDEoJKeOy5z%2Bj6V2JeFA8XLH43D%2F%2F3CXyEXEv1m70ScFupDLAGxrGbb5IAqOwUXQLvi6GiT7cWEvD4%3D"}],"group":"cf-nel","max_age":604800}
NEL: {"success_fraction":0,"report_to":"cf-nel","max_age":604800}
Server: cloudflare
CF-RAY: 6935469cca09e52a-ARI
Content-Encoding: gzip
alt-svc: h3=":443"; ma=86400, h3-29=":443"; ma=86400, h3-28=":443"; ma=86400, h3-27=":443"; ma=86400

{
    "job": "Quality Assurance",
    "updatedAt": "2021-09-23T16:51:06.769Z"
}
Request method:	PATCH
Request URI:	https://reqres.in/api/users/
Proxy:			<none>
Request params:	<none>
Query params:	<none>
Form params:	<none>
Path params:	<none>
Headers:		Accept=*/*
				Content-Type=application/json
Cookies:		<none>
Multiparts:		<none>
Body:
{
    "name": "Diego Lopez",
    "job": null
}
Request method:	PATCH
Request URI:	https://reqres.in/api/users/
Proxy:			<none>
Request params:	<none>
Query params:	<none>
Form params:	<none>
Path params:	<none>
Headers:		Accept=*/*
				Content-Type=application/json
Cookies:		<none>
Multiparts:		<none>
Body:
{
    "name": "Diego Lopez",
    "job": null
}
Request method:	PATCH
Request URI:	https://reqres.in/api/users/
Proxy:			<none>
Request params:	<none>
Query params:	<none>
Form params:	<none>
Path params:	<none>
Headers:		Accept=*/*
				Content-Type=application/json
Cookies:		<none>
Multiparts:		<none>
Body:
{
    "name": "Diego Lopez",
    "job": null
}
HTTP/1.1 200 OK
Date: Thu, 23 Sep 2021 16:51:07 GMT
Content-Type: application/json; charset=utf-8
Transfer-Encoding: chunked
Connection: keep-alive
x-powered-by: Express
access-control-allow-origin: *
etag: W/"48-62GPs4D2VffiMmUo5Ood3xCk1uY"
via: 1.1 vegur
CF-Cache-Status: DYNAMIC
Expect-CT: max-age=604800, report-uri="https://report-uri.cloudflare.com/cdn-cgi/beacon/expect-ct"
Report-To: {"endpoints":[{"url":"https:\/\/a.nel.cloudflare.com\/report\/v3?s=fpvUD4CFmR2lbtnF6Z2XN1Ec7b%2Fwhyczvcd5Gi6mFlti4FpOFGJMTjqD2CWxOMmsBpb1NxHpuEV53aE2ul2O4RB8iFwEHIrxuXAfqE2gUNh%2BCZtpOpRCznRU%2B98%3D"}],"group":"cf-nel","max_age":604800}
NEL: {"success_fraction":0,"report_to":"cf-nel","max_age":604800}
Server: cloudflare
CF-RAY: 693546a3282ae532-ARI
Content-Encoding: gzip
alt-svc: h3=":443"; ma=86400, h3-29=":443"; ma=86400, h3-28=":443"; ma=86400, h3-27=":443"; ma=86400

{
    "name": "Diego Lopez",
    "job": null,
    "updatedAt": "2021-09-23T16:51:07.679Z"
}
HTTP/1.1 200 OK
Date: Thu, 23 Sep 2021 16:51:07 GMT
Content-Type: application/json; charset=utf-8
Transfer-Encoding: chunked
Connection: keep-alive
x-powered-by: Express
access-control-allow-origin: *
etag: W/"48-62GPs4D2VffiMmUo5Ood3xCk1uY"
via: 1.1 vegur
CF-Cache-Status: DYNAMIC
Expect-CT: max-age=604800, report-uri="https://report-uri.cloudflare.com/cdn-cgi/beacon/expect-ct"
Report-To: {"endpoints":[{"url":"https:\/\/a.nel.cloudflare.com\/report\/v3?s=fpvUD4CFmR2lbtnF6Z2XN1Ec7b%2Fwhyczvcd5Gi6mFlti4FpOFGJMTjqD2CWxOMmsBpb1NxHpuEV53aE2ul2O4RB8iFwEHIrxuXAfqE2gUNh%2BCZtpOpRCznRU%2B98%3D"}],"group":"cf-nel","max_age":604800}
NEL: {"success_fraction":0,"report_to":"cf-nel","max_age":604800}
Server: cloudflare
CF-RAY: 693546a3282ae532-ARI
Content-Encoding: gzip
alt-svc: h3=":443"; ma=86400, h3-29=":443"; ma=86400, h3-28=":443"; ma=86400, h3-27=":443"; ma=86400

{
    "name": "Diego Lopez",
    "job": null,
    "updatedAt": "2021-09-23T16:51:07.679Z"
}
HTTP/1.1 200 OK
Date: Thu, 23 Sep 2021 16:51:07 GMT
Content-Type: application/json; charset=utf-8
Transfer-Encoding: chunked
Connection: keep-alive
x-powered-by: Express
access-control-allow-origin: *
etag: W/"48-62GPs4D2VffiMmUo5Ood3xCk1uY"
via: 1.1 vegur
CF-Cache-Status: DYNAMIC
Expect-CT: max-age=604800, report-uri="https://report-uri.cloudflare.com/cdn-cgi/beacon/expect-ct"
Report-To: {"endpoints":[{"url":"https:\/\/a.nel.cloudflare.com\/report\/v3?s=fpvUD4CFmR2lbtnF6Z2XN1Ec7b%2Fwhyczvcd5Gi6mFlti4FpOFGJMTjqD2CWxOMmsBpb1NxHpuEV53aE2ul2O4RB8iFwEHIrxuXAfqE2gUNh%2BCZtpOpRCznRU%2B98%3D"}],"group":"cf-nel","max_age":604800}
NEL: {"success_fraction":0,"report_to":"cf-nel","max_age":604800}
Server: cloudflare
CF-RAY: 693546a3282ae532-ARI
Content-Encoding: gzip
alt-svc: h3=":443"; ma=86400, h3-29=":443"; ma=86400, h3-28=":443"; ma=86400, h3-27=":443"; ma=86400

{
    "name": "Diego Lopez",
    "job": null,
    "updatedAt": "2021-09-23T16:51:07.679Z"
}
Request method:	PATCH
Request URI:	https://reqres.in/api/users/2
Proxy:			<none>
Request params:	<none>
Query params:	<none>
Form params:	<none>
Path params:	<none>
Headers:		Accept=*/*
				Content-Type=application/json
Cookies:		<none>
Multiparts:		<none>
Body:
{
    "name": "Denis",
    "job": null
}
Request method:	PATCH
Request URI:	https://reqres.in/api/users/2
Proxy:			<none>
Request params:	<none>
Query params:	<none>
Form params:	<none>
Path params:	<none>
Headers:		Accept=*/*
				Content-Type=application/json
Cookies:		<none>
Multiparts:		<none>
Body:
{
    "name": "Denis",
    "job": null
}
Request method:	PATCH
Request URI:	https://reqres.in/api/users/2
Proxy:			<none>
Request params:	<none>
Query params:	<none>
Form params:	<none>
Path params:	<none>
Headers:		Accept=*/*
				Content-Type=application/json
Cookies:		<none>
Multiparts:		<none>
Body:
{
    "name": "Denis",
    "job": null
}
HTTP/1.1 200 OK
Date: Thu, 23 Sep 2021 16:51:08 GMT
Content-Type: application/json; charset=utf-8
Transfer-Encoding: chunked
Connection: keep-alive
x-powered-by: Express
access-control-allow-origin: *
etag: W/"42-MkBfW61GVHIc2AVAXBHKZm69Yaw"
via: 1.1 vegur
CF-Cache-Status: DYNAMIC
Expect-CT: max-age=604800, report-uri="https://report-uri.cloudflare.com/cdn-cgi/beacon/expect-ct"
Report-To: {"endpoints":[{"url":"https:\/\/a.nel.cloudflare.com\/report\/v3?s=D6EN%2FaHRbLo9aS9rJzo4cZlnoqG1KmNubs1qLpz58gc%2B9kvmGoocDY70V7Nq81lv09NgS34x5CJcetoTq9VaQiImDuZ4rdctMiMF5%2B6gB0AwooBAF0fGFqC1DyA%3D"}],"group":"cf-nel","max_age":604800}
NEL: {"success_fraction":0,"report_to":"cf-nel","max_age":604800}
Server: cloudflare
CF-RAY: 693546a80ec0e51e-ARI
Content-Encoding: gzip
alt-svc: h3=":443"; ma=86400, h3-29=":443"; ma=86400, h3-28=":443"; ma=86400, h3-27=":443"; ma=86400

{
    "name": "Denis",
    "job": null,
    "updatedAt": "2021-09-23T16:51:08.509Z"
}
HTTP/1.1 200 OK
Date: Thu, 23 Sep 2021 16:51:08 GMT
Content-Type: application/json; charset=utf-8
Transfer-Encoding: chunked
Connection: keep-alive
x-powered-by: Express
access-control-allow-origin: *
etag: W/"42-MkBfW61GVHIc2AVAXBHKZm69Yaw"
via: 1.1 vegur
CF-Cache-Status: DYNAMIC
Expect-CT: max-age=604800, report-uri="https://report-uri.cloudflare.com/cdn-cgi/beacon/expect-ct"
Report-To: {"endpoints":[{"url":"https:\/\/a.nel.cloudflare.com\/report\/v3?s=D6EN%2FaHRbLo9aS9rJzo4cZlnoqG1KmNubs1qLpz58gc%2B9kvmGoocDY70V7Nq81lv09NgS34x5CJcetoTq9VaQiImDuZ4rdctMiMF5%2B6gB0AwooBAF0fGFqC1DyA%3D"}],"group":"cf-nel","max_age":604800}
NEL: {"success_fraction":0,"report_to":"cf-nel","max_age":604800}
Server: cloudflare
CF-RAY: 693546a80ec0e51e-ARI
Content-Encoding: gzip
alt-svc: h3=":443"; ma=86400, h3-29=":443"; ma=86400, h3-28=":443"; ma=86400, h3-27=":443"; ma=86400

{
    "name": "Denis",
    "job": null,
    "updatedAt": "2021-09-23T16:51:08.509Z"
}
HTTP/1.1 200 OK
Date: Thu, 23 Sep 2021 16:51:08 GMT
Content-Type: application/json; charset=utf-8
Transfer-Encoding: chunked
Connection: keep-alive
x-powered-by: Express
access-control-allow-origin: *
etag: W/"42-MkBfW61GVHIc2AVAXBHKZm69Yaw"
via: 1.1 vegur
CF-Cache-Status: DYNAMIC
Expect-CT: max-age=604800, report-uri="https://report-uri.cloudflare.com/cdn-cgi/beacon/expect-ct"
Report-To: {"endpoints":[{"url":"https:\/\/a.nel.cloudflare.com\/report\/v3?s=D6EN%2FaHRbLo9aS9rJzo4cZlnoqG1KmNubs1qLpz58gc%2B9kvmGoocDY70V7Nq81lv09NgS34x5CJcetoTq9VaQiImDuZ4rdctMiMF5%2B6gB0AwooBAF0fGFqC1DyA%3D"}],"group":"cf-nel","max_age":604800}
NEL: {"success_fraction":0,"report_to":"cf-nel","max_age":604800}
Server: cloudflare
CF-RAY: 693546a80ec0e51e-ARI
Content-Encoding: gzip
alt-svc: h3=":443"; ma=86400, h3-29=":443"; ma=86400, h3-28=":443"; ma=86400, h3-27=":443"; ma=86400

{
    "name": "Denis",
    "job": null,
    "updatedAt": "2021-09-23T16:51:08.509Z"
}
]]></system-out>
  <system-err><![CDATA[]]></system-err>
</testsuite>
